CRITICAL - 2022-10-06 04:48:52 --> Interface 'CodeIgniter\FilterInterface' not found
in APPPATH\Filters\AdminFilters.php on line 9.
 1 SYSTEMPATH\Autoloader\Autoloader.php(282): include_once()
 2 SYSTEMPATH\Autoloader\Autoloader.php(259): CodeIgniter\Autoloader\Autoloader->includeFile('APPPATH\\Filters\\AdminFilters.php')
 3 SYSTEMPATH\Autoloader\Autoloader.php(237): CodeIgniter\Autoloader\Autoloader->loadInNamespace('App\\Filters\\AdminFilters')
 4 [internal function]: CodeIgniter\Autoloader\Autoloader->loadClass('App\\Filters\\AdminFilters')
 5 SYSTEMPATH\Filters\Filters.php(166): spl_autoload_call('App\\Filters\\AdminFilters')
 6 SYSTEMPATH\CodeIgniter.php(431): CodeIgniter\Filters\Filters->run('order/index', 'before')
 7 SYSTEMPATH\CodeIgniter.php(340): CodeIgniter\CodeIgniter->handleRequest(null, Object(Config\Cache), false)
 8 FCPATH\index.php(67): CodeIgniter\CodeIgniter->run()
 9 SYSTEMPATH\Commands\Server\rewrite.php(43): require_once('FCPATH\\index.php')
CRITICAL - 2022-10-06 04:48:54 --> Interface 'CodeIgniter\FilterInterface' not found
in APPPATH\Filters\AdminFilters.php on line 9.
 1 SYSTEMPATH\Autoloader\Autoloader.php(282): include_once()
 2 SYSTEMPATH\Autoloader\Autoloader.php(259): CodeIgniter\Autoloader\Autoloader->includeFile('APPPATH\\Filters\\AdminFilters.php')
 3 SYSTEMPATH\Autoloader\Autoloader.php(237): CodeIgniter\Autoloader\Autoloader->loadInNamespace('App\\Filters\\AdminFilters')
 4 [internal function]: CodeIgniter\Autoloader\Autoloader->loadClass('App\\Filters\\AdminFilters')
 5 SYSTEMPATH\Filters\Filters.php(166): spl_autoload_call('App\\Filters\\AdminFilters')
 6 SYSTEMPATH\CodeIgniter.php(431): CodeIgniter\Filters\Filters->run('order/index', 'before')
 7 SYSTEMPATH\CodeIgniter.php(340): CodeIgniter\CodeIgniter->handleRequest(null, Object(Config\Cache), false)
 8 FCPATH\index.php(67): CodeIgniter\CodeIgniter->run()
 9 SYSTEMPATH\Commands\Server\rewrite.php(43): require_once('FCPATH\\index.php')
CRITICAL - 2022-10-06 04:48:55 --> Interface 'CodeIgniter\FilterInterface' not found
in APPPATH\Filters\AdminFilters.php on line 9.
 1 SYSTEMPATH\Autoloader\Autoloader.php(282): include_once()
 2 SYSTEMPATH\Autoloader\Autoloader.php(259): CodeIgniter\Autoloader\Autoloader->includeFile('APPPATH\\Filters\\AdminFilters.php')
 3 SYSTEMPATH\Autoloader\Autoloader.php(237): CodeIgniter\Autoloader\Autoloader->loadInNamespace('App\\Filters\\AdminFilters')
 4 [internal function]: CodeIgniter\Autoloader\Autoloader->loadClass('App\\Filters\\AdminFilters')
 5 SYSTEMPATH\Filters\Filters.php(166): spl_autoload_call('App\\Filters\\AdminFilters')
 6 SYSTEMPATH\CodeIgniter.php(431): CodeIgniter\Filters\Filters->run('order/index', 'before')
 7 SYSTEMPATH\CodeIgniter.php(340): CodeIgniter\CodeIgniter->handleRequest(null, Object(Config\Cache), false)
 8 FCPATH\index.php(67): CodeIgniter\CodeIgniter->run()
 9 SYSTEMPATH\Commands\Server\rewrite.php(43): require_once('FCPATH\\index.php')
CRITICAL - 2022-10-06 04:50:01 --> Declaration of App\Filters\AdminFilters::before(CodeIgniter\Http\ResponseInterface $request, $arguments = NULL) must be compatible with CodeIgniter\Filters\FilterInterface::before(CodeIgniter\HTTP\RequestInterface $request, $arguments = NULL)
in APPPATH\Filters\AdminFilters.php on line 11.
 1 [internal function]: CodeIgniter\Debug\Exceptions->shutdownHandler()
CRITICAL - 2022-10-06 04:50:40 --> syntax error, unexpected 'class' (T_CLASS), expecting '{'
in APPPATH\Controllers\Halaman.php on line 5.
 1 SYSTEMPATH\Router\Router.php(499): CodeIgniter\Router\AutoRouter->getRoute('halaman')
 2 SYSTEMPATH\Router\Router.php(205): CodeIgniter\Router\Router->autoRoute('halaman')
 3 SYSTEMPATH\CodeIgniter.php(782): CodeIgniter\Router\Router->handle('halaman')
 4 SYSTEMPATH\CodeIgniter.php(406): CodeIgniter\CodeIgniter->tryToRouteIt(Object(CodeIgniter\Router\RouteCollection))
 5 SYSTEMPATH\CodeIgniter.php(340): CodeIgniter\CodeIgniter->handleRequest(null, Object(Config\Cache), false)
 6 FCPATH\index.php(67): CodeIgniter\CodeIgniter->run()
 7 SYSTEMPATH\Commands\Server\rewrite.php(43): require_once('FCPATH\\index.php')
CRITICAL - 2022-10-06 04:50:59 --> Declaration of App\Filters\AdminFilters::before(CodeIgniter\Http\ResponseInterface $request, $arguments = NULL) must be compatible with CodeIgniter\Filters\FilterInterface::before(CodeIgniter\HTTP\RequestInterface $request, $arguments = NULL)
in APPPATH\Filters\AdminFilters.php on line 11.
 1 [internal function]: CodeIgniter\Debug\Exceptions->shutdownHandler()
CRITICAL - 2022-10-06 04:51:35 --> The route for "/admin/login" cannot be found.
in SYSTEMPATH\HTTP\RedirectResponse.php on line 60.
 1 SYSTEMPATH\HTTP\RedirectResponse.php(60): CodeIgniter\HTTP\Exceptions\HTTPException::forInvalidRedirectRoute('/admin/login')
 2 SYSTEMPATH\Common.php(869): CodeIgniter\HTTP\RedirectResponse->route(false)
 3 APPPATH\Filters\AdminFilters.php(15): redirect('/admin/login')
 4 SYSTEMPATH\Filters\Filters.php(173): App\Filters\AdminFilters->before(Object(CodeIgniter\HTTP\IncomingRequest), null)
 5 SYSTEMPATH\CodeIgniter.php(431): CodeIgniter\Filters\Filters->run('menu/index', 'before')
 6 SYSTEMPATH\CodeIgniter.php(340): CodeIgniter\CodeIgniter->handleRequest(null, Object(Config\Cache), false)
 7 FCPATH\index.php(67): CodeIgniter\CodeIgniter->run()
 8 SYSTEMPATH\Commands\Server\rewrite.php(43): require_once('FCPATH\\index.php')
CRITICAL - 2022-10-06 04:52:49 --> syntax error, unexpected '->' (T_OBJECT_OPERATOR), expecting ';'
in APPPATH\Filters\AdminFilters.php on line 15.
 1 SYSTEMPATH\Autoloader\Autoloader.php(259): CodeIgniter\Autoloader\Autoloader->includeFile('APPPATH\\Filters\\AdminFilters.php')
 2 SYSTEMPATH\Autoloader\Autoloader.php(237): CodeIgniter\Autoloader\Autoloader->loadInNamespace('App\\Filters\\AdminFilters')
 3 [internal function]: CodeIgniter\Autoloader\Autoloader->loadClass('App\\Filters\\AdminFilters')
 4 SYSTEMPATH\Filters\Filters.php(166): spl_autoload_call('App\\Filters\\AdminFilters')
 5 SYSTEMPATH\CodeIgniter.php(431): CodeIgniter\Filters\Filters->run('menu/index', 'before')
 6 SYSTEMPATH\CodeIgniter.php(340): CodeIgniter\CodeIgniter->handleRequest(null, Object(Config\Cache), false)
 7 FCPATH\index.php(67): CodeIgniter\CodeIgniter->run()
 8 SYSTEMPATH\Commands\Server\rewrite.php(43): require_once('FCPATH\\index.php')
CRITICAL - 2022-10-06 04:53:31 --> syntax error, unexpected ''logged_in'' (T_CONSTANT_ENCAPSED_STRING), expecting ']'
in APPPATH\Controllers\Admin.php on line 43.
 1 SYSTEMPATH\Router\Router.php(499): CodeIgniter\Router\AutoRouter->getRoute('admin/login')
 2 SYSTEMPATH\Router\Router.php(205): CodeIgniter\Router\Router->autoRoute('admin/login')
 3 SYSTEMPATH\CodeIgniter.php(782): CodeIgniter\Router\Router->handle('admin/login')
 4 SYSTEMPATH\CodeIgniter.php(406): CodeIgniter\CodeIgniter->tryToRouteIt(Object(CodeIgniter\Router\RouteCollection))
 5 SYSTEMPATH\CodeIgniter.php(340): CodeIgniter\CodeIgniter->handleRequest(null, Object(Config\Cache), false)
 6 FCPATH\index.php(67): CodeIgniter\CodeIgniter->run()
 7 SYSTEMPATH\Commands\Server\rewrite.php(43): require_once('FCPATH\\index.php')
CRITICAL - 2022-10-06 04:53:32 --> syntax error, unexpected ''logged_in'' (T_CONSTANT_ENCAPSED_STRING), expecting ']'
in APPPATH\Controllers\Admin.php on line 43.
 1 SYSTEMPATH\Router\Router.php(499): CodeIgniter\Router\AutoRouter->getRoute('admin/login')
 2 SYSTEMPATH\Router\Router.php(205): CodeIgniter\Router\Router->autoRoute('admin/login')
 3 SYSTEMPATH\CodeIgniter.php(782): CodeIgniter\Router\Router->handle('admin/login')
 4 SYSTEMPATH\CodeIgniter.php(406): CodeIgniter\CodeIgniter->tryToRouteIt(Object(CodeIgniter\Router\RouteCollection))
 5 SYSTEMPATH\CodeIgniter.php(340): CodeIgniter\CodeIgniter->handleRequest(null, Object(Config\Cache), false)
 6 FCPATH\index.php(67): CodeIgniter\CodeIgniter->run()
 7 SYSTEMPATH\Commands\Server\rewrite.php(43): require_once('FCPATH\\index.php')
CRITICAL - 2022-10-06 08:41:08 --> syntax error, unexpected 'class' (T_CLASS), expecting '{'
in APPPATH\Controllers\Halaman.php on line 5.
 1 SYSTEMPATH\Autoloader\Autoloader.php(259): CodeIgniter\Autoloader\Autoloader->includeFile('APPPATH\\Controllers\\Halaman.php')
 2 SYSTEMPATH\Autoloader\Autoloader.php(237): CodeIgniter\Autoloader\Autoloader->loadInNamespace('App\\Controllers\\Halaman')
 3 [internal function]: CodeIgniter\Autoloader\Autoloader->loadClass('App\\Controllers\\Halaman')
 4 [internal function]: spl_autoload_call('App\\Controllers\\Halaman')
 5 SYSTEMPATH\CodeIgniter.php(857): class_exists('\\App\\Controllers\\Halaman', true)
 6 SYSTEMPATH\CodeIgniter.php(444): CodeIgniter\CodeIgniter->startController()
 7 SYSTEMPATH\CodeIgniter.php(340): CodeIgniter\CodeIgniter->handleRequest(null, Object(Config\Cache), false)
 8 FCPATH\index.php(67): CodeIgniter\CodeIgniter->run()
CRITICAL - 2022-10-06 08:45:40 --> cors, filter must have a matching alias defined.
in SYSTEMPATH\Filters\Filters.php on line 493.
 1 SYSTEMPATH\Filters\Filters.php(493): CodeIgniter\Filters\Exceptions\FilterException::forNoAlias('cors,')
 2 SYSTEMPATH\Filters\Filters.php(243): CodeIgniter\Filters\Filters->processAliasesToClass('before')
 3 SYSTEMPATH\Filters\Filters.php(163): CodeIgniter\Filters\Filters->initialize('C:\\')
 4 SYSTEMPATH\CodeIgniter.php(431): CodeIgniter\Filters\Filters->run('C:\\', 'before')
 5 SYSTEMPATH\CodeIgniter.php(340): CodeIgniter\CodeIgniter->handleRequest(null, Object(Config\Cache), false)
 6 FCPATH\index.php(67): CodeIgniter\CodeIgniter->run()
CRITICAL - 2022-10-06 08:46:53 --> cors, filter must have a matching alias defined.
in SYSTEMPATH\Filters\Filters.php on line 493.
 1 SYSTEMPATH\Filters\Filters.php(493): CodeIgniter\Filters\Exceptions\FilterException::forNoAlias('cors,')
 2 SYSTEMPATH\Filters\Filters.php(243): CodeIgniter\Filters\Filters->processAliasesToClass('before')
 3 SYSTEMPATH\Filters\Filters.php(163): CodeIgniter\Filters\Filters->initialize('C:\\')
 4 SYSTEMPATH\CodeIgniter.php(431): CodeIgniter\Filters\Filters->run('C:\\', 'before')
 5 SYSTEMPATH\CodeIgniter.php(340): CodeIgniter\CodeIgniter->handleRequest(null, Object(Config\Cache), false)
 6 FCPATH\index.php(67): CodeIgniter\CodeIgniter->run()
CRITICAL - 2022-10-06 09:07:18 --> cors, filter must have a matching alias defined.
in SYSTEMPATH\Filters\Filters.php on line 493.
 1 SYSTEMPATH\Filters\Filters.php(493): CodeIgniter\Filters\Exceptions\FilterException::forNoAlias('cors,')
 2 SYSTEMPATH\Filters\Filters.php(243): CodeIgniter\Filters\Filters->processAliasesToClass('before')
 3 SYSTEMPATH\Filters\Filters.php(163): CodeIgniter\Filters\Filters->initialize('C:\\')
 4 SYSTEMPATH\CodeIgniter.php(431): CodeIgniter\Filters\Filters->run('C:\\', 'before')
 5 SYSTEMPATH\CodeIgniter.php(340): CodeIgniter\CodeIgniter->handleRequest(null, Object(Config\Cache), false)
 6 FCPATH\index.php(67): CodeIgniter\CodeIgniter->run()
CRITICAL - 2022-10-06 09:07:20 --> cors, filter must have a matching alias defined.
in SYSTEMPATH\Filters\Filters.php on line 493.
 1 SYSTEMPATH\Filters\Filters.php(493): CodeIgniter\Filters\Exceptions\FilterException::forNoAlias('cors,')
 2 SYSTEMPATH\Filters\Filters.php(243): CodeIgniter\Filters\Filters->processAliasesToClass('before')
 3 SYSTEMPATH\Filters\Filters.php(163): CodeIgniter\Filters\Filters->initialize('C:\\')
 4 SYSTEMPATH\CodeIgniter.php(431): CodeIgniter\Filters\Filters->run('C:\\', 'before')
 5 SYSTEMPATH\CodeIgniter.php(340): CodeIgniter\CodeIgniter->handleRequest(null, Object(Config\Cache), false)
 6 FCPATH\index.php(67): CodeIgniter\CodeIgniter->run()
CRITICAL - 2022-10-06 09:07:21 --> cors, filter must have a matching alias defined.
in SYSTEMPATH\Filters\Filters.php on line 493.
 1 SYSTEMPATH\Filters\Filters.php(493): CodeIgniter\Filters\Exceptions\FilterException::forNoAlias('cors,')
 2 SYSTEMPATH\Filters\Filters.php(243): CodeIgniter\Filters\Filters->processAliasesToClass('before')
 3 SYSTEMPATH\Filters\Filters.php(163): CodeIgniter\Filters\Filters->initialize('C:\\')
 4 SYSTEMPATH\CodeIgniter.php(431): CodeIgniter\Filters\Filters->run('C:\\', 'before')
 5 SYSTEMPATH\CodeIgniter.php(340): CodeIgniter\CodeIgniter->handleRequest(null, Object(Config\Cache), false)
 6 FCPATH\index.php(67): CodeIgniter\CodeIgniter->run()
