CRITICAL - 2022-10-03 02:37:29 --> syntax error, unexpected '{', expecting function (T_FUNCTION) or const (T_CONST)
in APPPATH\Controllers\Order.php on line 8.
 1 SYSTEMPATH\Router\Router.php(499): CodeIgniter\Router\AutoRouter->getRoute('order/index')
 2 SYSTEMPATH\Router\Router.php(205): CodeIgniter\Router\Router->autoRoute('order/index')
 3 SYSTEMPATH\CodeIgniter.php(782): CodeIgniter\Router\Router->handle('order/index')
 4 SYSTEMPATH\CodeIgniter.php(406): CodeIgniter\CodeIgniter->tryToRouteIt(Object(CodeIgniter\Router\RouteCollection))
 5 SYSTEMPATH\CodeIgniter.php(340): CodeIgniter\CodeIgniter->handleRequest(null, Object(Config\Cache), false)
 6 FCPATH\index.php(67): CodeIgniter\CodeIgniter->run()
 7 SYSTEMPATH\Commands\Server\rewrite.php(43): require_once('FCPATH\\index.php')
CRITICAL - 2022-10-03 09:21:26 --> Invalid file: header.php
in SYSTEMPATH\Exceptions\FrameworkException.php on line 33.
 1 SYSTEMPATH\View\View.php(201): CodeIgniter\Exceptions\FrameworkException::forInvalidFile('header.php')
 2 SYSTEMPATH\View\View.php(429): CodeIgniter\View\View->render('header', null, true)
 3 APPPATH\Views\layout\index.php(22): CodeIgniter\View\View->include('header')
 4 SYSTEMPATH\View\View.php(213): include('APPPATH\\Views\\layout\\index.php')
 5 SYSTEMPATH\View\View.php(216): CodeIgniter\View\View->CodeIgniter\View\{closure}()
 6 SYSTEMPATH\View\View.php(229): CodeIgniter\View\View->render('layout/index', [], true)
 7 SYSTEMPATH\Common.php(1142): CodeIgniter\View\View->render('menu/index', [], true)
 8 APPPATH\Controllers\Menu.php(9): view('menu/index')
 9 SYSTEMPATH\CodeIgniter.php(907): App\Controllers\Menu->index()
10 SYSTEMPATH\CodeIgniter.php(457): CodeIgniter\CodeIgniter->runController(Object(App\Controllers\Menu))
11 SYSTEMPATH\CodeIgniter.php(340): CodeIgniter\CodeIgniter->handleRequest(null, Object(Config\Cache), false)
12 FCPATH\index.php(67): CodeIgniter\CodeIgniter->run()
13 SYSTEMPATH\Commands\Server\rewrite.php(43): require_once('FCPATH\\index.php')
CRITICAL - 2022-10-03 09:22:01 --> Invalid file: navbar.php
in SYSTEMPATH\Exceptions\FrameworkException.php on line 33.
 1 SYSTEMPATH\View\View.php(201): CodeIgniter\Exceptions\FrameworkException::forInvalidFile('navbar.php')
 2 SYSTEMPATH\View\View.php(429): CodeIgniter\View\View->render('navbar', null, true)
 3 APPPATH\Views\layout\header.php(81): CodeIgniter\View\View->include('navbar')
 4 SYSTEMPATH\View\View.php(213): include('APPPATH\\Views\\layout\\header.php')
 5 SYSTEMPATH\View\View.php(216): CodeIgniter\View\View->CodeIgniter\View\{closure}()
 6 SYSTEMPATH\View\View.php(429): CodeIgniter\View\View->render('layout/header', null, true)
 7 APPPATH\Views\layout\index.php(22): CodeIgniter\View\View->include('layout/header')
 8 SYSTEMPATH\View\View.php(213): include('APPPATH\\Views\\layout\\index.php')
 9 SYSTEMPATH\View\View.php(216): CodeIgniter\View\View->CodeIgniter\View\{closure}()
10 SYSTEMPATH\View\View.php(229): CodeIgniter\View\View->render('layout/index', [], true)
11 SYSTEMPATH\Common.php(1142): CodeIgniter\View\View->render('menu/index', [], true)
12 APPPATH\Controllers\Menu.php(9): view('menu/index')
13 SYSTEMPATH\CodeIgniter.php(907): App\Controllers\Menu->index()
14 SYSTEMPATH\CodeIgniter.php(457): CodeIgniter\CodeIgniter->runController(Object(App\Controllers\Menu))
15 SYSTEMPATH\CodeIgniter.php(340): CodeIgniter\CodeIgniter->handleRequest(null, Object(Config\Cache), false)
16 FCPATH\index.php(67): CodeIgniter\CodeIgniter->run()
17 SYSTEMPATH\Commands\Server\rewrite.php(43): require_once('FCPATH\\index.php')
ERROR - 2022-10-03 09:42:40 --> Error connecting to the database: mysqli_sql_exception: No connection could be made because the target machine actively refused it.
 in C:\xampp\htdocs\latihan\latihan\laravel\skripsiy\appstarter\vendor\codeigniter4\framework\system\Database\MySQLi\Connection.php:171
Stack trace:
#0 C:\xampp\htdocs\latihan\latihan\laravel\skripsiy\appstarter\vendor\codeigniter4\framework\system\Database\MySQLi\Connection.php(171): mysqli->real_connect('localhost', '', '', '', 3306, '', 0)
#1 C:\xampp\htdocs\latihan\latihan\laravel\skripsiy\appstarter\vendor\codeigniter4\framework\system\Database\BaseConnection.php(382): CodeIgniter\Database\MySQLi\Connection->connect(false)
#2 C:\xampp\htdocs\latihan\latihan\laravel\skripsiy\appstarter\vendor\codeigniter4\framework\system\Database\BaseConnection.php(588): CodeIgniter\Database\BaseConnection->initialize()
#3 C:\xampp\htdocs\latihan\latihan\laravel\skripsiy\appstarter\vendor\codeigniter4\framework\system\Database\BaseConnection.php(1385): CodeIgniter\Database\BaseConnection->query('SHOW TABLES FRO...')
#4 C:\xampp\htdocs\latihan\latihan\laravel\skripsiy\appstarter\vendor\codeigniter4\framework\system\Database\BaseConnection.php(1419): CodeIgniter\Database\BaseConnection->listTables()
#5 C:\xampp\htdocs\latihan\latihan\laravel\skripsiy\appstarter\vendor\codeigniter4\framework\system\Database\MigrationRunner.php(759): CodeIgniter\Database\BaseConnection->tableExists('migrations')
#6 C:\xampp\htdocs\latihan\latihan\laravel\skripsiy\appstarter\vendor\codeigniter4\framework\system\Database\MigrationRunner.php(167): CodeIgniter\Database\MigrationRunner->ensureTable()
#7 C:\xampp\htdocs\latihan\latihan\laravel\skripsiy\appstarter\vendor\codeigniter4\framework\system\Commands\Database\Migrate.php(84): CodeIgniter\Database\MigrationRunner->latest(NULL)
#8 C:\xampp\htdocs\latihan\latihan\laravel\skripsiy\appstarter\vendor\codeigniter4\framework\system\CLI\Commands.php(63): CodeIgniter\Commands\Database\Migrate->run(Array)
#9 C:\xampp\htdocs\latihan\latihan\laravel\skripsiy\appstarter\vendor\codeigniter4\framework\system\CLI\CommandRunner.php(65): CodeIgniter\CLI\Commands->run('migrate', Array)
#10 C:\xampp\htdocs\latihan\latihan\laravel\skripsiy\appstarter\vendor\codeigniter4\framework\system\CLI\CommandRunner.php(51): CodeIgniter\CLI\CommandRunner->index(Array)
#11 C:\xampp\htdocs\latihan\latihan\laravel\skripsiy\appstarter\vendor\codeigniter4\framework\system\CodeIgniter.php(900): CodeIgniter\CLI\CommandRunner->_remap('index', Array)
#12 C:\xampp\htdocs\latihan\latihan\laravel\skripsiy\appstarter\vendor\codeigniter4\framework\system\CodeIgniter.php(457): CodeIgniter\CodeIgniter->runController(Object(CodeIgniter\CLI\CommandRunner))
#13 C:\xampp\htdocs\latihan\latihan\laravel\skripsiy\appstarter\vendor\codeigniter4\framework\system\CodeIgniter.php(336): CodeIgniter\CodeIgniter->handleRequest(NULL, Object(Config\Cache), false)
#14 C:\xampp\htdocs\latihan\latihan\laravel\skripsiy\appstarter\vendor\codeigniter4\framework\system\CLI\Console.php(48): CodeIgniter\CodeIgniter->run()
#15 C:\xampp\htdocs\latihan\latihan\laravel\skripsiy\appstarter\spark(98): CodeIgniter\CLI\Console->run()
#16 {main}

Next CodeIgniter\Database\Exceptions\DatabaseException: No connection could be made because the target machine actively refused it.
 in C:\xampp\htdocs\latihan\latihan\laravel\skripsiy\appstarter\vendor\codeigniter4\framework\system\Database\MySQLi\Connection.php:215
Stack trace:
#0 C:\xampp\htdocs\latihan\latihan\laravel\skripsiy\appstarter\vendor\codeigniter4\framework\system\Database\BaseConnection.php(382): CodeIgniter\Database\MySQLi\Connection->connect(false)
#1 C:\xampp\htdocs\latihan\latihan\laravel\skripsiy\appstarter\vendor\codeigniter4\framework\system\Database\BaseConnection.php(588): CodeIgniter\Database\BaseConnection->initialize()
#2 C:\xampp\htdocs\latihan\latihan\laravel\skripsiy\appstarter\vendor\codeigniter4\framework\system\Database\BaseConnection.php(1385): CodeIgniter\Database\BaseConnection->query('SHOW TABLES FRO...')
#3 C:\xampp\htdocs\latihan\latihan\laravel\skripsiy\appstarter\vendor\codeigniter4\framework\system\Database\BaseConnection.php(1419): CodeIgniter\Database\BaseConnection->listTables()
#4 C:\xampp\htdocs\latihan\latihan\laravel\skripsiy\appstarter\vendor\codeigniter4\framework\system\Database\MigrationRunner.php(759): CodeIgniter\Database\BaseConnection->tableExists('migrations')
#5 C:\xampp\htdocs\latihan\latihan\laravel\skripsiy\appstarter\vendor\codeigniter4\framework\system\Database\MigrationRunner.php(167): CodeIgniter\Database\MigrationRunner->ensureTable()
#6 C:\xampp\htdocs\latihan\latihan\laravel\skripsiy\appstarter\vendor\codeigniter4\framework\system\Commands\Database\Migrate.php(84): CodeIgniter\Database\MigrationRunner->latest(NULL)
#7 C:\xampp\htdocs\latihan\latihan\laravel\skripsiy\appstarter\vendor\codeigniter4\framework\system\CLI\Commands.php(63): CodeIgniter\Commands\Database\Migrate->run(Array)
#8 C:\xampp\htdocs\latihan\latihan\laravel\skripsiy\appstarter\vendor\codeigniter4\framework\system\CLI\CommandRunner.php(65): CodeIgniter\CLI\Commands->run('migrate', Array)
#9 C:\xampp\htdocs\latihan\latihan\laravel\skripsiy\appstarter\vendor\codeigniter4\framework\system\CLI\CommandRunner.php(51): CodeIgniter\CLI\CommandRunner->index(Array)
#10 C:\xampp\htdocs\latihan\latihan\laravel\skripsiy\appstarter\vendor\codeigniter4\framework\system\CodeIgniter.php(900): CodeIgniter\CLI\CommandRunner->_remap('index', Array)
#11 C:\xampp\htdocs\latihan\latihan\laravel\skripsiy\appstarter\vendor\codeigniter4\framework\system\CodeIgniter.php(457): CodeIgniter\CodeIgniter->runController(Object(CodeIgniter\CLI\CommandRunner))
#12 C:\xampp\htdocs\latihan\latihan\laravel\skripsiy\appstarter\vendor\codeigniter4\framework\system\CodeIgniter.php(336): CodeIgniter\CodeIgniter->handleRequest(NULL, Object(Config\Cache), false)
#13 C:\xampp\htdocs\latihan\latihan\laravel\skripsiy\appstarter\vendor\codeigniter4\framework\system\CLI\Console.php(48): CodeIgniter\CodeIgniter->run()
#14 C:\xampp\htdocs\latihan\latihan\laravel\skripsiy\appstarter\spark(98): CodeIgniter\CLI\Console->run()
#15 {main}
ERROR - 2022-10-03 09:46:02 --> mysqli_sql_exception: Can't create table `db_sariminang`.`orders` (errno: 150 "Foreign key constraint is incorrectly formed") in C:\xampp\htdocs\latihan\latihan\laravel\skripsiy\appstarter\vendor\codeigniter4\framework\system\Database\MySQLi\Connection.php:292
Stack trace:
#0 C:\xampp\htdocs\latihan\latihan\laravel\skripsiy\appstarter\vendor\codeigniter4\framework\system\Database\MySQLi\Connection.php(292): mysqli->query('CREATE TABLE `o...', 0)
#1 C:\xampp\htdocs\latihan\latihan\laravel\skripsiy\appstarter\vendor\codeigniter4\framework\system\Database\BaseConnection.php(693): CodeIgniter\Database\MySQLi\Connection->execute('CREATE TABLE `o...')
#2 C:\xampp\htdocs\latihan\latihan\laravel\skripsiy\appstarter\vendor\codeigniter4\framework\system\Database\BaseConnection.php(620): CodeIgniter\Database\BaseConnection->simpleQuery('CREATE TABLE `o...')
#3 C:\xampp\htdocs\latihan\latihan\laravel\skripsiy\appstarter\vendor\codeigniter4\framework\system\Database\Forge.php(509): CodeIgniter\Database\BaseConnection->query('CREATE TABLE `o...')
#4 C:\xampp\htdocs\latihan\latihan\laravel\skripsiy\appstarter\app\Database\Migrations\2022-10-03-142956_Order.php(77): CodeIgniter\Database\Forge->createTable('orders')
#5 C:\xampp\htdocs\latihan\latihan\laravel\skripsiy\appstarter\vendor\codeigniter4\framework\system\Database\MigrationRunner.php(868): App\Database\Migrations\Order->up()
#6 C:\xampp\htdocs\latihan\latihan\laravel\skripsiy\appstarter\vendor\codeigniter4\framework\system\Database\MigrationRunner.php(187): CodeIgniter\Database\MigrationRunner->migrate('up', Object(stdClass))
#7 C:\xampp\htdocs\latihan\latihan\laravel\skripsiy\appstarter\vendor\codeigniter4\framework\system\Commands\Database\Migrate.php(84): CodeIgniter\Database\MigrationRunner->latest(NULL)
#8 C:\xampp\htdocs\latihan\latihan\laravel\skripsiy\appstarter\vendor\codeigniter4\framework\system\CLI\Commands.php(63): CodeIgniter\Commands\Database\Migrate->run(Array)
#9 C:\xampp\htdocs\latihan\latihan\laravel\skripsiy\appstarter\vendor\codeigniter4\framework\system\CLI\CommandRunner.php(65): CodeIgniter\CLI\Commands->run('migrate', Array)
#10 C:\xampp\htdocs\latihan\latihan\laravel\skripsiy\appstarter\vendor\codeigniter4\framework\system\CLI\CommandRunner.php(51): CodeIgniter\CLI\CommandRunner->index(Array)
#11 C:\xampp\htdocs\latihan\latihan\laravel\skripsiy\appstarter\vendor\codeigniter4\framework\system\CodeIgniter.php(900): CodeIgniter\CLI\CommandRunner->_remap('index', Array)
#12 C:\xampp\htdocs\latihan\latihan\laravel\skripsiy\appstarter\vendor\codeigniter4\framework\system\CodeIgniter.php(457): CodeIgniter\CodeIgniter->runController(Object(CodeIgniter\CLI\CommandRunner))
#13 C:\xampp\htdocs\latihan\latihan\laravel\skripsiy\appstarter\vendor\codeigniter4\framework\system\CodeIgniter.php(336): CodeIgniter\CodeIgniter->handleRequest(NULL, Object(Config\Cache), false)
#14 C:\xampp\htdocs\latihan\latihan\laravel\skripsiy\appstarter\vendor\codeigniter4\framework\system\CLI\Console.php(48): CodeIgniter\CodeIgniter->run()
#15 C:\xampp\htdocs\latihan\latihan\laravel\skripsiy\appstarter\spark(98): CodeIgniter\CLI\Console->run()
#16 {main}
ERROR - 2022-10-03 09:47:25 --> mysqli_sql_exception: Table 'menus' already exists in C:\xampp\htdocs\latihan\latihan\laravel\skripsiy\appstarter\vendor\codeigniter4\framework\system\Database\MySQLi\Connection.php:292
Stack trace:
#0 C:\xampp\htdocs\latihan\latihan\laravel\skripsiy\appstarter\vendor\codeigniter4\framework\system\Database\MySQLi\Connection.php(292): mysqli->query('CREATE TABLE `m...', 0)
#1 C:\xampp\htdocs\latihan\latihan\laravel\skripsiy\appstarter\vendor\codeigniter4\framework\system\Database\BaseConnection.php(693): CodeIgniter\Database\MySQLi\Connection->execute('CREATE TABLE `m...')
#2 C:\xampp\htdocs\latihan\latihan\laravel\skripsiy\appstarter\vendor\codeigniter4\framework\system\Database\BaseConnection.php(620): CodeIgniter\Database\BaseConnection->simpleQuery('CREATE TABLE `m...')
#3 C:\xampp\htdocs\latihan\latihan\laravel\skripsiy\appstarter\vendor\codeigniter4\framework\system\Database\Forge.php(509): CodeIgniter\Database\BaseConnection->query('CREATE TABLE `m...')
#4 C:\xampp\htdocs\latihan\latihan\laravel\skripsiy\appstarter\app\Database\Migrations\2022-10-03-142956_Order.php(50): CodeIgniter\Database\Forge->createTable('menus')
#5 C:\xampp\htdocs\latihan\latihan\laravel\skripsiy\appstarter\vendor\codeigniter4\framework\system\Database\MigrationRunner.php(868): App\Database\Migrations\Order->up()
#6 C:\xampp\htdocs\latihan\latihan\laravel\skripsiy\appstarter\vendor\codeigniter4\framework\system\Database\MigrationRunner.php(187): CodeIgniter\Database\MigrationRunner->migrate('up', Object(stdClass))
#7 C:\xampp\htdocs\latihan\latihan\laravel\skripsiy\appstarter\vendor\codeigniter4\framework\system\Commands\Database\Migrate.php(84): CodeIgniter\Database\MigrationRunner->latest(NULL)
#8 C:\xampp\htdocs\latihan\latihan\laravel\skripsiy\appstarter\vendor\codeigniter4\framework\system\CLI\Commands.php(63): CodeIgniter\Commands\Database\Migrate->run(Array)
#9 C:\xampp\htdocs\latihan\latihan\laravel\skripsiy\appstarter\vendor\codeigniter4\framework\system\CLI\CommandRunner.php(65): CodeIgniter\CLI\Commands->run('migrate', Array)
#10 C:\xampp\htdocs\latihan\latihan\laravel\skripsiy\appstarter\vendor\codeigniter4\framework\system\CLI\CommandRunner.php(51): CodeIgniter\CLI\CommandRunner->index(Array)
#11 C:\xampp\htdocs\latihan\latihan\laravel\skripsiy\appstarter\vendor\codeigniter4\framework\system\CodeIgniter.php(900): CodeIgniter\CLI\CommandRunner->_remap('index', Array)
#12 C:\xampp\htdocs\latihan\latihan\laravel\skripsiy\appstarter\vendor\codeigniter4\framework\system\CodeIgniter.php(457): CodeIgniter\CodeIgniter->runController(Object(CodeIgniter\CLI\CommandRunner))
#13 C:\xampp\htdocs\latihan\latihan\laravel\skripsiy\appstarter\vendor\codeigniter4\framework\system\CodeIgniter.php(336): CodeIgniter\CodeIgniter->handleRequest(NULL, Object(Config\Cache), false)
#14 C:\xampp\htdocs\latihan\latihan\laravel\skripsiy\appstarter\vendor\codeigniter4\framework\system\CLI\Console.php(48): CodeIgniter\CodeIgniter->run()
#15 C:\xampp\htdocs\latihan\latihan\laravel\skripsiy\appstarter\spark(98): CodeIgniter\CLI\Console->run()
#16 {main}
ERROR - 2022-10-03 09:57:40 --> mysqli_sql_exception: Can't create table `db_sariminang`.`orders` (errno: 150 "Foreign key constraint is incorrectly formed") in C:\xampp\htdocs\latihan\latihan\laravel\skripsiy\appstarter\vendor\codeigniter4\framework\system\Database\MySQLi\Connection.php:292
Stack trace:
#0 C:\xampp\htdocs\latihan\latihan\laravel\skripsiy\appstarter\vendor\codeigniter4\framework\system\Database\MySQLi\Connection.php(292): mysqli->query('CREATE TABLE `o...', 0)
#1 C:\xampp\htdocs\latihan\latihan\laravel\skripsiy\appstarter\vendor\codeigniter4\framework\system\Database\BaseConnection.php(693): CodeIgniter\Database\MySQLi\Connection->execute('CREATE TABLE `o...')
#2 C:\xampp\htdocs\latihan\latihan\laravel\skripsiy\appstarter\vendor\codeigniter4\framework\system\Database\BaseConnection.php(620): CodeIgniter\Database\BaseConnection->simpleQuery('CREATE TABLE `o...')
#3 C:\xampp\htdocs\latihan\latihan\laravel\skripsiy\appstarter\vendor\codeigniter4\framework\system\Database\Forge.php(509): CodeIgniter\Database\BaseConnection->query('CREATE TABLE `o...')
#4 C:\xampp\htdocs\latihan\latihan\laravel\skripsiy\appstarter\app\Database\Migrations\2022-10-03-142956_Order.php(78): CodeIgniter\Database\Forge->createTable('orders')
#5 C:\xampp\htdocs\latihan\latihan\laravel\skripsiy\appstarter\vendor\codeigniter4\framework\system\Database\MigrationRunner.php(868): App\Database\Migrations\Order->up()
#6 C:\xampp\htdocs\latihan\latihan\laravel\skripsiy\appstarter\vendor\codeigniter4\framework\system\Database\MigrationRunner.php(187): CodeIgniter\Database\MigrationRunner->migrate('up', Object(stdClass))
#7 C:\xampp\htdocs\latihan\latihan\laravel\skripsiy\appstarter\vendor\codeigniter4\framework\system\Commands\Database\Migrate.php(84): CodeIgniter\Database\MigrationRunner->latest(NULL)
#8 C:\xampp\htdocs\latihan\latihan\laravel\skripsiy\appstarter\vendor\codeigniter4\framework\system\CLI\Commands.php(63): CodeIgniter\Commands\Database\Migrate->run(Array)
#9 C:\xampp\htdocs\latihan\latihan\laravel\skripsiy\appstarter\vendor\codeigniter4\framework\system\CLI\CommandRunner.php(65): CodeIgniter\CLI\Commands->run('migrate', Array)
#10 C:\xampp\htdocs\latihan\latihan\laravel\skripsiy\appstarter\vendor\codeigniter4\framework\system\CLI\CommandRunner.php(51): CodeIgniter\CLI\CommandRunner->index(Array)
#11 C:\xampp\htdocs\latihan\latihan\laravel\skripsiy\appstarter\vendor\codeigniter4\framework\system\CodeIgniter.php(900): CodeIgniter\CLI\CommandRunner->_remap('index', Array)
#12 C:\xampp\htdocs\latihan\latihan\laravel\skripsiy\appstarter\vendor\codeigniter4\framework\system\CodeIgniter.php(457): CodeIgniter\CodeIgniter->runController(Object(CodeIgniter\CLI\CommandRunner))
#13 C:\xampp\htdocs\latihan\latihan\laravel\skripsiy\appstarter\vendor\codeigniter4\framework\system\CodeIgniter.php(336): CodeIgniter\CodeIgniter->handleRequest(NULL, Object(Config\Cache), false)
#14 C:\xampp\htdocs\latihan\latihan\laravel\skripsiy\appstarter\vendor\codeigniter4\framework\system\CLI\Console.php(48): CodeIgniter\CodeIgniter->run()
#15 C:\xampp\htdocs\latihan\latihan\laravel\skripsiy\appstarter\spark(98): CodeIgniter\CLI\Console->run()
#16 {main}
ERROR - 2022-10-03 10:59:26 --> mysqli_sql_exception: Cannot add or update a child row: a foreign key constraint fails (`db_sariminang`.`orders`, CONSTRAINT `orders_menu_foreign` FOREIGN KEY (`menu`) REFERENCES `menus` (`name`) ON DELETE NO ACTION ON UPDATE CASCADE) in C:\xampp\htdocs\latihan\latihan\laravel\skripsiy\appstarter\vendor\codeigniter4\framework\system\Database\MySQLi\Connection.php:292
Stack trace:
#0 C:\xampp\htdocs\latihan\latihan\laravel\skripsiy\appstarter\vendor\codeigniter4\framework\system\Database\MySQLi\Connection.php(292): mysqli->query('INSERT INTO `or...', 0)
#1 C:\xampp\htdocs\latihan\latihan\laravel\skripsiy\appstarter\vendor\codeigniter4\framework\system\Database\BaseConnection.php(693): CodeIgniter\Database\MySQLi\Connection->execute('INSERT INTO `or...')
#2 C:\xampp\htdocs\latihan\latihan\laravel\skripsiy\appstarter\vendor\codeigniter4\framework\system\Database\BaseConnection.php(620): CodeIgniter\Database\BaseConnection->simpleQuery('INSERT INTO `or...')
#3 C:\xampp\htdocs\latihan\latihan\laravel\skripsiy\appstarter\vendor\codeigniter4\framework\system\Database\BaseBuilder.php(1778): CodeIgniter\Database\BaseConnection->query('INSERT INTO `or...', NULL, false)
#4 C:\xampp\htdocs\latihan\latihan\laravel\skripsiy\appstarter\app\Database\Seeds\OrderSeeder.php(42): CodeIgniter\Database\BaseBuilder->insertBatch(Array)
#5 C:\xampp\htdocs\latihan\latihan\laravel\skripsiy\appstarter\vendor\codeigniter4\framework\system\Database\Seeder.php(145): App\Database\Seeds\OrderSeeder->run()
#6 C:\xampp\htdocs\latihan\latihan\laravel\skripsiy\appstarter\vendor\codeigniter4\framework\system\Commands\Database\Seed.php(77): CodeIgniter\Database\Seeder->call('App\\Database\\Se...')
#7 C:\xampp\htdocs\latihan\latihan\laravel\skripsiy\appstarter\vendor\codeigniter4\framework\system\CLI\Commands.php(63): CodeIgniter\Commands\Database\Seed->run(Array)
#8 C:\xampp\htdocs\latihan\latihan\laravel\skripsiy\appstarter\vendor\codeigniter4\framework\system\CLI\CommandRunner.php(65): CodeIgniter\CLI\Commands->run('db:seed', Array)
#9 C:\xampp\htdocs\latihan\latihan\laravel\skripsiy\appstarter\vendor\codeigniter4\framework\system\CLI\CommandRunner.php(51): CodeIgniter\CLI\CommandRunner->index(Array)
#10 C:\xampp\htdocs\latihan\latihan\laravel\skripsiy\appstarter\vendor\codeigniter4\framework\system\CodeIgniter.php(900): CodeIgniter\CLI\CommandRunner->_remap('index', Array)
#11 C:\xampp\htdocs\latihan\latihan\laravel\skripsiy\appstarter\vendor\codeigniter4\framework\system\CodeIgniter.php(457): CodeIgniter\CodeIgniter->runController(Object(CodeIgniter\CLI\CommandRunner))
#12 C:\xampp\htdocs\latihan\latihan\laravel\skripsiy\appstarter\vendor\codeigniter4\framework\system\CodeIgniter.php(336): CodeIgniter\CodeIgniter->handleRequest(NULL, Object(Config\Cache), false)
#13 C:\xampp\htdocs\latihan\latihan\laravel\skripsiy\appstarter\vendor\codeigniter4\framework\system\CLI\Console.php(48): CodeIgniter\CodeIgniter->run()
#14 C:\xampp\htdocs\latihan\latihan\laravel\skripsiy\appstarter\spark(98): CodeIgniter\CLI\Console->run()
#15 {main}
ERROR - 2022-10-03 11:08:47 --> mysqli_sql_exception: Unknown column 'imageUrl' in 'field list' in C:\xampp\htdocs\latihan\latihan\laravel\skripsiy\appstarter\vendor\codeigniter4\framework\system\Database\MySQLi\Connection.php:292
Stack trace:
#0 C:\xampp\htdocs\latihan\latihan\laravel\skripsiy\appstarter\vendor\codeigniter4\framework\system\Database\MySQLi\Connection.php(292): mysqli->query('INSERT INTO `me...', 0)
#1 C:\xampp\htdocs\latihan\latihan\laravel\skripsiy\appstarter\vendor\codeigniter4\framework\system\Database\BaseConnection.php(693): CodeIgniter\Database\MySQLi\Connection->execute('INSERT INTO `me...')
#2 C:\xampp\htdocs\latihan\latihan\laravel\skripsiy\appstarter\vendor\codeigniter4\framework\system\Database\BaseConnection.php(620): CodeIgniter\Database\BaseConnection->simpleQuery('INSERT INTO `me...')
#3 C:\xampp\htdocs\latihan\latihan\laravel\skripsiy\appstarter\vendor\codeigniter4\framework\system\Database\BaseBuilder.php(1778): CodeIgniter\Database\BaseConnection->query('INSERT INTO `me...', NULL, false)
#4 C:\xampp\htdocs\latihan\latihan\laravel\skripsiy\appstarter\app\Database\Seeds\MenuSeeder.php(59): CodeIgniter\Database\BaseBuilder->insertBatch(Array)
#5 C:\xampp\htdocs\latihan\latihan\laravel\skripsiy\appstarter\vendor\codeigniter4\framework\system\Database\Seeder.php(145): App\Database\Seeds\MenuSeeder->run()
#6 C:\xampp\htdocs\latihan\latihan\laravel\skripsiy\appstarter\vendor\codeigniter4\framework\system\Commands\Database\Seed.php(77): CodeIgniter\Database\Seeder->call('App\\Database\\Se...')
#7 C:\xampp\htdocs\latihan\latihan\laravel\skripsiy\appstarter\vendor\codeigniter4\framework\system\CLI\Commands.php(63): CodeIgniter\Commands\Database\Seed->run(Array)
#8 C:\xampp\htdocs\latihan\latihan\laravel\skripsiy\appstarter\vendor\codeigniter4\framework\system\CLI\CommandRunner.php(65): CodeIgniter\CLI\Commands->run('db:seed', Array)
#9 C:\xampp\htdocs\latihan\latihan\laravel\skripsiy\appstarter\vendor\codeigniter4\framework\system\CLI\CommandRunner.php(51): CodeIgniter\CLI\CommandRunner->index(Array)
#10 C:\xampp\htdocs\latihan\latihan\laravel\skripsiy\appstarter\vendor\codeigniter4\framework\system\CodeIgniter.php(900): CodeIgniter\CLI\CommandRunner->_remap('index', Array)
#11 C:\xampp\htdocs\latihan\latihan\laravel\skripsiy\appstarter\vendor\codeigniter4\framework\system\CodeIgniter.php(457): CodeIgniter\CodeIgniter->runController(Object(CodeIgniter\CLI\CommandRunner))
#12 C:\xampp\htdocs\latihan\latihan\laravel\skripsiy\appstarter\vendor\codeigniter4\framework\system\CodeIgniter.php(336): CodeIgniter\CodeIgniter->handleRequest(NULL, Object(Config\Cache), false)
#13 C:\xampp\htdocs\latihan\latihan\laravel\skripsiy\appstarter\vendor\codeigniter4\framework\system\CLI\Console.php(48): CodeIgniter\CodeIgniter->run()
#14 C:\xampp\htdocs\latihan\latihan\laravel\skripsiy\appstarter\spark(98): CodeIgniter\CLI\Console->run()
#15 {main}
CRITICAL - 2022-10-03 11:21:19 --> syntax error, unexpected '=', expecting ']'
in APPPATH\Controllers\Menu.php on line 32.
 1 SYSTEMPATH\Router\Router.php(499): CodeIgniter\Router\AutoRouter->getRoute('menu/stok')
 2 SYSTEMPATH\Router\Router.php(205): CodeIgniter\Router\Router->autoRoute('menu/stok')
 3 SYSTEMPATH\CodeIgniter.php(782): CodeIgniter\Router\Router->handle('menu/stok')
 4 SYSTEMPATH\CodeIgniter.php(406): CodeIgniter\CodeIgniter->tryToRouteIt(Object(CodeIgniter\Router\RouteCollection))
 5 SYSTEMPATH\CodeIgniter.php(340): CodeIgniter\CodeIgniter->handleRequest(null, Object(Config\Cache), false)
 6 FCPATH\index.php(67): CodeIgniter\CodeIgniter->run()
 7 SYSTEMPATH\Commands\Server\rewrite.php(43): require_once('FCPATH\\index.php')
CRITICAL - 2022-10-03 11:41:59 --> Trying to access array offset on value of type null
in APPPATH\Controllers\Menu.php on line 30.
 1 APPPATH\Controllers\Menu.php(30): CodeIgniter\Debug\Exceptions->errorHandler(8, 'Trying to access array offset on value of type null', 'APPPATH\\Controllers\\Menu.php', 30, [...])
 2 SYSTEMPATH\CodeIgniter.php(907): App\Controllers\Menu->stok('FCPATH\\images', 'Logo.png')
 3 SYSTEMPATH\CodeIgniter.php(457): CodeIgniter\CodeIgniter->runController(Object(App\Controllers\Menu))
 4 SYSTEMPATH\CodeIgniter.php(340): CodeIgniter\CodeIgniter->handleRequest(null, Object(Config\Cache), false)
 5 FCPATH\index.php(67): CodeIgniter\CodeIgniter->run()
 6 SYSTEMPATH\Commands\Server\rewrite.php(43): require_once('FCPATH\\index.php')
CRITICAL - 2022-10-03 11:42:04 --> Trying to access array offset on value of type null
in APPPATH\Controllers\Menu.php on line 30.
 1 APPPATH\Controllers\Menu.php(30): CodeIgniter\Debug\Exceptions->errorHandler(8, 'Trying to access array offset on value of type null', 'APPPATH\\Controllers\\Menu.php', 30, [...])
 2 SYSTEMPATH\CodeIgniter.php(907): App\Controllers\Menu->stok('FCPATH\\images', 'Logo.png')
 3 SYSTEMPATH\CodeIgniter.php(457): CodeIgniter\CodeIgniter->runController(Object(App\Controllers\Menu))
 4 SYSTEMPATH\CodeIgniter.php(340): CodeIgniter\CodeIgniter->handleRequest(null, Object(Config\Cache), false)
 5 FCPATH\index.php(67): CodeIgniter\CodeIgniter->run()
 6 SYSTEMPATH\Commands\Server\rewrite.php(43): require_once('FCPATH\\index.php')
CRITICAL - 2022-10-03 11:42:06 --> Trying to access array offset on value of type null
in APPPATH\Controllers\Menu.php on line 30.
 1 APPPATH\Controllers\Menu.php(30): CodeIgniter\Debug\Exceptions->errorHandler(8, 'Trying to access array offset on value of type null', 'APPPATH\\Controllers\\Menu.php', 30, [...])
 2 SYSTEMPATH\CodeIgniter.php(907): App\Controllers\Menu->stok('FCPATH\\images', 'Logo.png')
 3 SYSTEMPATH\CodeIgniter.php(457): CodeIgniter\CodeIgniter->runController(Object(App\Controllers\Menu))
 4 SYSTEMPATH\CodeIgniter.php(340): CodeIgniter\CodeIgniter->handleRequest(null, Object(Config\Cache), false)
 5 FCPATH\index.php(67): CodeIgniter\CodeIgniter->run()
 6 SYSTEMPATH\Commands\Server\rewrite.php(43): require_once('FCPATH\\index.php')
CRITICAL - 2022-10-03 11:42:11 --> Trying to access array offset on value of type null
in APPPATH\Controllers\Menu.php on line 30.
 1 APPPATH\Controllers\Menu.php(30): CodeIgniter\Debug\Exceptions->errorHandler(8, 'Trying to access array offset on value of type null', 'APPPATH\\Controllers\\Menu.php', 30, [...])
 2 SYSTEMPATH\CodeIgniter.php(907): App\Controllers\Menu->stok('FCPATH\\images', 'Logo.png')
 3 SYSTEMPATH\CodeIgniter.php(457): CodeIgniter\CodeIgniter->runController(Object(App\Controllers\Menu))
 4 SYSTEMPATH\CodeIgniter.php(340): CodeIgniter\CodeIgniter->handleRequest(null, Object(Config\Cache), false)
 5 FCPATH\index.php(67): CodeIgniter\CodeIgniter->run()
 6 SYSTEMPATH\Commands\Server\rewrite.php(43): require_once('FCPATH\\index.php')
CRITICAL - 2022-10-03 11:42:38 --> Trying to access array offset on value of type null
in APPPATH\Controllers\Menu.php on line 30.
 1 APPPATH\Controllers\Menu.php(30): CodeIgniter\Debug\Exceptions->errorHandler(8, 'Trying to access array offset on value of type null', 'APPPATH\\Controllers\\Menu.php', 30, [...])
 2 SYSTEMPATH\CodeIgniter.php(907): App\Controllers\Menu->stok('FCPATH\\images', 'Logo.png')
 3 SYSTEMPATH\CodeIgniter.php(457): CodeIgniter\CodeIgniter->runController(Object(App\Controllers\Menu))
 4 SYSTEMPATH\CodeIgniter.php(340): CodeIgniter\CodeIgniter->handleRequest(null, Object(Config\Cache), false)
 5 FCPATH\index.php(67): CodeIgniter\CodeIgniter->run()
 6 SYSTEMPATH\Commands\Server\rewrite.php(43): require_once('FCPATH\\index.php')
CRITICAL - 2022-10-03 11:42:40 --> Trying to access array offset on value of type null
in APPPATH\Controllers\Menu.php on line 30.
 1 APPPATH\Controllers\Menu.php(30): CodeIgniter\Debug\Exceptions->errorHandler(8, 'Trying to access array offset on value of type null', 'APPPATH\\Controllers\\Menu.php', 30, [...])
 2 SYSTEMPATH\CodeIgniter.php(907): App\Controllers\Menu->stok('FCPATH\\images', 'Logo.png')
 3 SYSTEMPATH\CodeIgniter.php(457): CodeIgniter\CodeIgniter->runController(Object(App\Controllers\Menu))
 4 SYSTEMPATH\CodeIgniter.php(340): CodeIgniter\CodeIgniter->handleRequest(null, Object(Config\Cache), false)
 5 FCPATH\index.php(67): CodeIgniter\CodeIgniter->run()
 6 SYSTEMPATH\Commands\Server\rewrite.php(43): require_once('FCPATH\\index.php')
CRITICAL - 2022-10-03 11:48:49 --> Use of undefined constant o - assumed 'o' (this will throw an Error in a future version of PHP)
in APPPATH\Views\order\index.php on line 24.
 1 APPPATH\Views\order\index.php(24): CodeIgniter\Debug\Exceptions->errorHandler(2, 'Use of undefined constant o - assumed \'o\' (this will throw an Error in a future version of PHP)', 'APPPATH\\Views\\order\\index.php', 24, [...])
 2 SYSTEMPATH\View\View.php(213): include('APPPATH\\Views\\order\\index.php')
 3 SYSTEMPATH\View\View.php(216): CodeIgniter\View\View->CodeIgniter\View\{closure}()
 4 SYSTEMPATH\Common.php(1142): CodeIgniter\View\View->render('order/index', [], true)
 5 APPPATH\Controllers\Order.php(21): view('order/index', [...])
 6 SYSTEMPATH\CodeIgniter.php(907): App\Controllers\Order->index()
 7 SYSTEMPATH\CodeIgniter.php(457): CodeIgniter\CodeIgniter->runController(Object(App\Controllers\Order))
 8 SYSTEMPATH\CodeIgniter.php(340): CodeIgniter\CodeIgniter->handleRequest(null, Object(Config\Cache), false)
 9 FCPATH\index.php(67): CodeIgniter\CodeIgniter->run()
10 SYSTEMPATH\Commands\Server\rewrite.php(43): require_once('FCPATH\\index.php')
ERROR - 2022-10-03 23:49:06 --> Error connecting to the database: mysqli_sql_exception: No connection could be made because the target machine actively refused it.
 in C:\xampp\htdocs\latihan\latihan\laravel\skripsiy\appstarter\vendor\codeigniter4\framework\system\Database\MySQLi\Connection.php:171
Stack trace:
#0 C:\xampp\htdocs\latihan\latihan\laravel\skripsiy\appstarter\vendor\codeigniter4\framework\system\Database\MySQLi\Connection.php(171): mysqli->real_connect('localhost', 'root', '', 'db_sariminang', 3306, '', 0)
#1 C:\xampp\htdocs\latihan\latihan\laravel\skripsiy\appstarter\vendor\codeigniter4\framework\system\Database\BaseConnection.php(382): CodeIgniter\Database\MySQLi\Connection->connect(false)
#2 C:\xampp\htdocs\latihan\latihan\laravel\skripsiy\appstarter\vendor\codeigniter4\framework\system\Database\BaseConnection.php(588): CodeIgniter\Database\BaseConnection->initialize()
#3 C:\xampp\htdocs\latihan\latihan\laravel\skripsiy\appstarter\vendor\codeigniter4\framework\system\Database\BaseBuilder.php(1585): CodeIgniter\Database\BaseConnection->query('SELECT *\nFROM `...', Array, false)
#4 C:\xampp\htdocs\latihan\latihan\laravel\skripsiy\appstarter\vendor\codeigniter4\framework\system\Model.php(223): CodeIgniter\Database\BaseBuilder->get()
#5 C:\xampp\htdocs\latihan\latihan\laravel\skripsiy\appstarter\vendor\codeigniter4\framework\system\BaseModel.php(584): CodeIgniter\Model->doFindAll(0, 0)
#6 C:\xampp\htdocs\latihan\latihan\laravel\skripsiy\appstarter\app\Controllers\Order.php(15): CodeIgniter\BaseModel->findAll()
#7 C:\xampp\htdocs\latihan\latihan\laravel\skripsiy\appstarter\vendor\codeigniter4\framework\system\CodeIgniter.php(907): App\Controllers\Order->index()
#8 C:\xampp\htdocs\latihan\latihan\laravel\skripsiy\appstarter\vendor\codeigniter4\framework\system\CodeIgniter.php(457): CodeIgniter\CodeIgniter->runController(Object(App\Controllers\Order))
#9 C:\xampp\htdocs\latihan\latihan\laravel\skripsiy\appstarter\vendor\codeigniter4\framework\system\CodeIgniter.php(340): CodeIgniter\CodeIgniter->handleRequest(NULL, Object(Config\Cache), false)
#10 C:\xampp\htdocs\latihan\latihan\laravel\skripsiy\appstarter\public\index.php(67): CodeIgniter\CodeIgniter->run()
#11 C:\xampp\htdocs\latihan\latihan\laravel\skripsiy\appstarter\vendor\codeigniter4\framework\system\Commands\Server\rewrite.php(43): require_once('C:\\xampp\\htdocs...')
#12 {main}

Next CodeIgniter\Database\Exceptions\DatabaseException: No connection could be made because the target machine actively refused it.
 in C:\xampp\htdocs\latihan\latihan\laravel\skripsiy\appstarter\vendor\codeigniter4\framework\system\Database\MySQLi\Connection.php:215
Stack trace:
#0 C:\xampp\htdocs\latihan\latihan\laravel\skripsiy\appstarter\vendor\codeigniter4\framework\system\Database\BaseConnection.php(382): CodeIgniter\Database\MySQLi\Connection->connect(false)
#1 C:\xampp\htdocs\latihan\latihan\laravel\skripsiy\appstarter\vendor\codeigniter4\framework\system\Database\BaseConnection.php(588): CodeIgniter\Database\BaseConnection->initialize()
#2 C:\xampp\htdocs\latihan\latihan\laravel\skripsiy\appstarter\vendor\codeigniter4\framework\system\Database\BaseBuilder.php(1585): CodeIgniter\Database\BaseConnection->query('SELECT *\nFROM `...', Array, false)
#3 C:\xampp\htdocs\latihan\latihan\laravel\skripsiy\appstarter\vendor\codeigniter4\framework\system\Model.php(223): CodeIgniter\Database\BaseBuilder->get()
#4 C:\xampp\htdocs\latihan\latihan\laravel\skripsiy\appstarter\vendor\codeigniter4\framework\system\BaseModel.php(584): CodeIgniter\Model->doFindAll(0, 0)
#5 C:\xampp\htdocs\latihan\latihan\laravel\skripsiy\appstarter\app\Controllers\Order.php(15): CodeIgniter\BaseModel->findAll()
#6 C:\xampp\htdocs\latihan\latihan\laravel\skripsiy\appstarter\vendor\codeigniter4\framework\system\CodeIgniter.php(907): App\Controllers\Order->index()
#7 C:\xampp\htdocs\latihan\latihan\laravel\skripsiy\appstarter\vendor\codeigniter4\framework\system\CodeIgniter.php(457): CodeIgniter\CodeIgniter->runController(Object(App\Controllers\Order))
#8 C:\xampp\htdocs\latihan\latihan\laravel\skripsiy\appstarter\vendor\codeigniter4\framework\system\CodeIgniter.php(340): CodeIgniter\CodeIgniter->handleRequest(NULL, Object(Config\Cache), false)
#9 C:\xampp\htdocs\latihan\latihan\laravel\skripsiy\appstarter\public\index.php(67): CodeIgniter\CodeIgniter->run()
#10 C:\xampp\htdocs\latihan\latihan\laravel\skripsiy\appstarter\vendor\codeigniter4\framework\system\Commands\Server\rewrite.php(43): require_once('C:\\xampp\\htdocs...')
#11 {main}
CRITICAL - 2022-10-03 23:49:06 --> Unable to connect to the database.
Main connection [MySQLi]: No connection could be made because the target machine actively refused it.

in SYSTEMPATH\Database\BaseConnection.php on line 418.
 1 SYSTEMPATH\Database\BaseConnection.php(588): CodeIgniter\Database\BaseConnection->initialize()
 2 SYSTEMPATH\Database\BaseBuilder.php(1585): CodeIgniter\Database\BaseConnection->query('SELECT *
FROM `orders`', [], false)
 3 SYSTEMPATH\Model.php(223): CodeIgniter\Database\BaseBuilder->get()
 4 SYSTEMPATH\BaseModel.php(584): CodeIgniter\Model->doFindAll(0, 0)
 5 APPPATH\Controllers\Order.php(15): CodeIgniter\BaseModel->findAll()
 6 SYSTEMPATH\CodeIgniter.php(907): App\Controllers\Order->index()
 7 SYSTEMPATH\CodeIgniter.php(457): CodeIgniter\CodeIgniter->runController(Object(App\Controllers\Order))
 8 SYSTEMPATH\CodeIgniter.php(340): CodeIgniter\CodeIgniter->handleRequest(null, Object(Config\Cache), false)
 9 FCPATH\index.php(67): CodeIgniter\CodeIgniter->run()
10 SYSTEMPATH\Commands\Server\rewrite.php(43): require_once('FCPATH\\index.php')
ERROR - 2022-10-03 23:49:10 --> Error connecting to the database: mysqli_sql_exception: No connection could be made because the target machine actively refused it.
 in C:\xampp\htdocs\latihan\latihan\laravel\skripsiy\appstarter\vendor\codeigniter4\framework\system\Database\MySQLi\Connection.php:171
Stack trace:
#0 C:\xampp\htdocs\latihan\latihan\laravel\skripsiy\appstarter\vendor\codeigniter4\framework\system\Database\MySQLi\Connection.php(171): mysqli->real_connect('localhost', 'root', '', 'db_sariminang', 3306, '', 0)
#1 C:\xampp\htdocs\latihan\latihan\laravel\skripsiy\appstarter\vendor\codeigniter4\framework\system\Database\BaseConnection.php(382): CodeIgniter\Database\MySQLi\Connection->connect(false)
#2 C:\xampp\htdocs\latihan\latihan\laravel\skripsiy\appstarter\vendor\codeigniter4\framework\system\Database\BaseConnection.php(588): CodeIgniter\Database\BaseConnection->initialize()
#3 C:\xampp\htdocs\latihan\latihan\laravel\skripsiy\appstarter\vendor\codeigniter4\framework\system\Database\BaseBuilder.php(1585): CodeIgniter\Database\BaseConnection->query('SELECT *\nFROM `...', Array, false)
#4 C:\xampp\htdocs\latihan\latihan\laravel\skripsiy\appstarter\vendor\codeigniter4\framework\system\Model.php(223): CodeIgniter\Database\BaseBuilder->get()
#5 C:\xampp\htdocs\latihan\latihan\laravel\skripsiy\appstarter\vendor\codeigniter4\framework\system\BaseModel.php(584): CodeIgniter\Model->doFindAll(0, 0)
#6 C:\xampp\htdocs\latihan\latihan\laravel\skripsiy\appstarter\app\Controllers\Order.php(15): CodeIgniter\BaseModel->findAll()
#7 C:\xampp\htdocs\latihan\latihan\laravel\skripsiy\appstarter\vendor\codeigniter4\framework\system\CodeIgniter.php(907): App\Controllers\Order->index()
#8 C:\xampp\htdocs\latihan\latihan\laravel\skripsiy\appstarter\vendor\codeigniter4\framework\system\CodeIgniter.php(457): CodeIgniter\CodeIgniter->runController(Object(App\Controllers\Order))
#9 C:\xampp\htdocs\latihan\latihan\laravel\skripsiy\appstarter\vendor\codeigniter4\framework\system\CodeIgniter.php(340): CodeIgniter\CodeIgniter->handleRequest(NULL, Object(Config\Cache), false)
#10 C:\xampp\htdocs\latihan\latihan\laravel\skripsiy\appstarter\public\index.php(67): CodeIgniter\CodeIgniter->run()
#11 C:\xampp\htdocs\latihan\latihan\laravel\skripsiy\appstarter\vendor\codeigniter4\framework\system\Commands\Server\rewrite.php(43): require_once('C:\\xampp\\htdocs...')
#12 {main}

Next CodeIgniter\Database\Exceptions\DatabaseException: No connection could be made because the target machine actively refused it.
 in C:\xampp\htdocs\latihan\latihan\laravel\skripsiy\appstarter\vendor\codeigniter4\framework\system\Database\MySQLi\Connection.php:215
Stack trace:
#0 C:\xampp\htdocs\latihan\latihan\laravel\skripsiy\appstarter\vendor\codeigniter4\framework\system\Database\BaseConnection.php(382): CodeIgniter\Database\MySQLi\Connection->connect(false)
#1 C:\xampp\htdocs\latihan\latihan\laravel\skripsiy\appstarter\vendor\codeigniter4\framework\system\Database\BaseConnection.php(588): CodeIgniter\Database\BaseConnection->initialize()
#2 C:\xampp\htdocs\latihan\latihan\laravel\skripsiy\appstarter\vendor\codeigniter4\framework\system\Database\BaseBuilder.php(1585): CodeIgniter\Database\BaseConnection->query('SELECT *\nFROM `...', Array, false)
#3 C:\xampp\htdocs\latihan\latihan\laravel\skripsiy\appstarter\vendor\codeigniter4\framework\system\Model.php(223): CodeIgniter\Database\BaseBuilder->get()
#4 C:\xampp\htdocs\latihan\latihan\laravel\skripsiy\appstarter\vendor\codeigniter4\framework\system\BaseModel.php(584): CodeIgniter\Model->doFindAll(0, 0)
#5 C:\xampp\htdocs\latihan\latihan\laravel\skripsiy\appstarter\app\Controllers\Order.php(15): CodeIgniter\BaseModel->findAll()
#6 C:\xampp\htdocs\latihan\latihan\laravel\skripsiy\appstarter\vendor\codeigniter4\framework\system\CodeIgniter.php(907): App\Controllers\Order->index()
#7 C:\xampp\htdocs\latihan\latihan\laravel\skripsiy\appstarter\vendor\codeigniter4\framework\system\CodeIgniter.php(457): CodeIgniter\CodeIgniter->runController(Object(App\Controllers\Order))
#8 C:\xampp\htdocs\latihan\latihan\laravel\skripsiy\appstarter\vendor\codeigniter4\framework\system\CodeIgniter.php(340): CodeIgniter\CodeIgniter->handleRequest(NULL, Object(Config\Cache), false)
#9 C:\xampp\htdocs\latihan\latihan\laravel\skripsiy\appstarter\public\index.php(67): CodeIgniter\CodeIgniter->run()
#10 C:\xampp\htdocs\latihan\latihan\laravel\skripsiy\appstarter\vendor\codeigniter4\framework\system\Commands\Server\rewrite.php(43): require_once('C:\\xampp\\htdocs...')
#11 {main}
CRITICAL - 2022-10-03 23:49:10 --> Unable to connect to the database.
Main connection [MySQLi]: No connection could be made because the target machine actively refused it.

in SYSTEMPATH\Database\BaseConnection.php on line 418.
 1 SYSTEMPATH\Database\BaseConnection.php(588): CodeIgniter\Database\BaseConnection->initialize()
 2 SYSTEMPATH\Database\BaseBuilder.php(1585): CodeIgniter\Database\BaseConnection->query('SELECT *
FROM `orders`', [], false)
 3 SYSTEMPATH\Model.php(223): CodeIgniter\Database\BaseBuilder->get()
 4 SYSTEMPATH\BaseModel.php(584): CodeIgniter\Model->doFindAll(0, 0)
 5 APPPATH\Controllers\Order.php(15): CodeIgniter\BaseModel->findAll()
 6 SYSTEMPATH\CodeIgniter.php(907): App\Controllers\Order->index()
 7 SYSTEMPATH\CodeIgniter.php(457): CodeIgniter\CodeIgniter->runController(Object(App\Controllers\Order))
 8 SYSTEMPATH\CodeIgniter.php(340): CodeIgniter\CodeIgniter->handleRequest(null, Object(Config\Cache), false)
 9 FCPATH\index.php(67): CodeIgniter\CodeIgniter->run()
10 SYSTEMPATH\Commands\Server\rewrite.php(43): require_once('FCPATH\\index.php')
