CRITICAL - 2022-10-05 09:46:35 --> Class 'App\Controllers\Config\Services' not found
in APPPATH\Controllers\Admin.php on line 13.
 1 SYSTEMPATH\CodeIgniter.php(907): App\Controllers\Admin->login()
 2 SYSTEMPATH\CodeIgniter.php(457): CodeIgniter\CodeIgniter->runController(Object(App\Controllers\Admin))
 3 SYSTEMPATH\CodeIgniter.php(340): CodeIgniter\CodeIgniter->handleRequest(null, Object(Config\Cache), false)
 4 FCPATH\index.php(67): CodeIgniter\CodeIgniter->run()
 5 SYSTEMPATH\Commands\Server\rewrite.php(43): require_once('FCPATH\\index.php')
CRITICAL - 2022-10-05 09:48:39 --> Call to undefined method CodeIgniter\View\View::extends()
in APPPATH\Views\admin\login.php on line 1.
 1 SYSTEMPATH\View\View.php(213): include()
 2 SYSTEMPATH\View\View.php(216): CodeIgniter\View\View->CodeIgniter\View\{closure}()
 3 SYSTEMPATH\Common.php(1142): CodeIgniter\View\View->render('admin/login', [], true)
 4 APPPATH\Controllers\Admin.php(15): view('admin/login', [...])
 5 SYSTEMPATH\CodeIgniter.php(907): App\Controllers\Admin->login()
 6 SYSTEMPATH\CodeIgniter.php(457): CodeIgniter\CodeIgniter->runController(Object(App\Controllers\Admin))
 7 SYSTEMPATH\CodeIgniter.php(340): CodeIgniter\CodeIgniter->handleRequest(null, Object(Config\Cache), false)
 8 FCPATH\index.php(67): CodeIgniter\CodeIgniter->run()
 9 SYSTEMPATH\Commands\Server\rewrite.php(43): require_once('FCPATH\\index.php')
CRITICAL - 2022-10-05 09:49:12 --> Call to undefined method CodeIgniter\View\View::extends()
in APPPATH\Views\admin\login.php on line 1.
 1 SYSTEMPATH\View\View.php(213): include()
 2 SYSTEMPATH\View\View.php(216): CodeIgniter\View\View->CodeIgniter\View\{closure}()
 3 SYSTEMPATH\Common.php(1142): CodeIgniter\View\View->render('admin/login', [], true)
 4 APPPATH\Controllers\Admin.php(15): view('admin/login', [...])
 5 SYSTEMPATH\CodeIgniter.php(907): App\Controllers\Admin->login()
 6 SYSTEMPATH\CodeIgniter.php(457): CodeIgniter\CodeIgniter->runController(Object(App\Controllers\Admin))
 7 SYSTEMPATH\CodeIgniter.php(340): CodeIgniter\CodeIgniter->handleRequest(null, Object(Config\Cache), false)
 8 FCPATH\index.php(67): CodeIgniter\CodeIgniter->run()
 9 SYSTEMPATH\Commands\Server\rewrite.php(43): require_once('FCPATH\\index.php')
CRITICAL - 2022-10-05 09:49:24 --> Undefined variable: t
in APPPATH\Views\admin\login.php on line 23.
 1 APPPATH\Views\admin\login.php(23): CodeIgniter\Debug\Exceptions->errorHandler(8, 'Undefined variable: t', 'APPPATH\\Views\\admin\\login.php', 23, [...])
 2 SYSTEMPATH\View\View.php(213): include('APPPATH\\Views\\admin\\login.php')
 3 SYSTEMPATH\View\View.php(216): CodeIgniter\View\View->CodeIgniter\View\{closure}()
 4 SYSTEMPATH\Common.php(1142): CodeIgniter\View\View->render('admin/login', [], true)
 5 APPPATH\Controllers\Admin.php(15): view('admin/login', [...])
 6 SYSTEMPATH\CodeIgniter.php(907): App\Controllers\Admin->login()
 7 SYSTEMPATH\CodeIgniter.php(457): CodeIgniter\CodeIgniter->runController(Object(App\Controllers\Admin))
 8 SYSTEMPATH\CodeIgniter.php(340): CodeIgniter\CodeIgniter->handleRequest(null, Object(Config\Cache), false)
 9 FCPATH\index.php(67): CodeIgniter\CodeIgniter->run()
10 SYSTEMPATH\Commands\Server\rewrite.php(43): require_once('FCPATH\\index.php')
CRITICAL - 2022-10-05 11:10:29 --> syntax error, unexpected 'if' (T_IF)
in APPPATH\Controllers\Menu.php on line 137.
 1 SYSTEMPATH\Router\Router.php(499): CodeIgniter\Router\AutoRouter->getRoute('menu/search')
 2 SYSTEMPATH\Router\Router.php(205): CodeIgniter\Router\Router->autoRoute('menu/search')
 3 SYSTEMPATH\CodeIgniter.php(782): CodeIgniter\Router\Router->handle('menu/search')
 4 SYSTEMPATH\CodeIgniter.php(406): CodeIgniter\CodeIgniter->tryToRouteIt(Object(CodeIgniter\Router\RouteCollection))
 5 SYSTEMPATH\CodeIgniter.php(340): CodeIgniter\CodeIgniter->handleRequest(null, Object(Config\Cache), false)
 6 FCPATH\index.php(67): CodeIgniter\CodeIgniter->run()
 7 SYSTEMPATH\Commands\Server\rewrite.php(43): require_once('FCPATH\\index.php')
CRITICAL - 2022-10-05 11:11:56 --> Undefined variable: ordersTable
in APPPATH\Views\order\index.php on line 13.
 1 APPPATH\Views\order\index.php(13): CodeIgniter\Debug\Exceptions->errorHandler(8, 'Undefined variable: ordersTable', 'APPPATH\\Views\\order\\index.php', 13, [...])
 2 SYSTEMPATH\View\View.php(213): include('APPPATH\\Views\\order\\index.php')
 3 SYSTEMPATH\View\View.php(216): CodeIgniter\View\View->CodeIgniter\View\{closure}()
 4 SYSTEMPATH\Common.php(1142): CodeIgniter\View\View->render('order/index', [], true)
 5 APPPATH\Controllers\Menu.php(144): view('order/index', [...])
 6 SYSTEMPATH\CodeIgniter.php(907): App\Controllers\Menu->search()
 7 SYSTEMPATH\CodeIgniter.php(457): CodeIgniter\CodeIgniter->runController(Object(App\Controllers\Menu))
 8 SYSTEMPATH\CodeIgniter.php(340): CodeIgniter\CodeIgniter->handleRequest(null, Object(Config\Cache), false)
 9 FCPATH\index.php(67): CodeIgniter\CodeIgniter->run()
10 SYSTEMPATH\Commands\Server\rewrite.php(43): require_once('FCPATH\\index.php')
CRITICAL - 2022-10-05 11:19:58 --> syntax error, unexpected '$data' (T_VARIABLE)
in APPPATH\Controllers\Menu.php on line 107.
 1 SYSTEMPATH\Router\Router.php(499): CodeIgniter\Router\AutoRouter->getRoute('menu/search')
 2 SYSTEMPATH\Router\Router.php(205): CodeIgniter\Router\Router->autoRoute('menu/search')
 3 SYSTEMPATH\CodeIgniter.php(782): CodeIgniter\Router\Router->handle('menu/search')
 4 SYSTEMPATH\CodeIgniter.php(406): CodeIgniter\CodeIgniter->tryToRouteIt(Object(CodeIgniter\Router\RouteCollection))
 5 SYSTEMPATH\CodeIgniter.php(340): CodeIgniter\CodeIgniter->handleRequest(null, Object(Config\Cache), false)
 6 FCPATH\index.php(67): CodeIgniter\CodeIgniter->run()
 7 SYSTEMPATH\Commands\Server\rewrite.php(43): require_once('FCPATH\\index.php')
CRITICAL - 2022-10-05 11:20:38 --> syntax error, unexpected 'endforeach' (T_ENDFOREACH), expecting end of file
in APPPATH\Views\order\index-search.php on line 146.
 1 SYSTEMPATH\View\View.php(216): CodeIgniter\View\View->CodeIgniter\View\{closure}()
 2 SYSTEMPATH\Common.php(1142): CodeIgniter\View\View->render('order/index-search', [], true)
 3 APPPATH\Controllers\Menu.php(148): view('order/index-search', [...])
 4 SYSTEMPATH\CodeIgniter.php(907): App\Controllers\Menu->search()
 5 SYSTEMPATH\CodeIgniter.php(457): CodeIgniter\CodeIgniter->runController(Object(App\Controllers\Menu))
 6 SYSTEMPATH\CodeIgniter.php(340): CodeIgniter\CodeIgniter->handleRequest(null, Object(Config\Cache), false)
 7 FCPATH\index.php(67): CodeIgniter\CodeIgniter->run()
 8 SYSTEMPATH\Commands\Server\rewrite.php(43): require_once('FCPATH\\index.php')
CRITICAL - 2022-10-05 11:41:52 --> Class 'CodeIgniter\FilterInterface' not found
in APPPATH\Filters\AdminFilters.php on line 9.
 1 SYSTEMPATH\Autoloader\Autoloader.php(282): include_once()
 2 SYSTEMPATH\Autoloader\Autoloader.php(259): CodeIgniter\Autoloader\Autoloader->includeFile('APPPATH\\Filters\\AdminFilters.php')
 3 SYSTEMPATH\Autoloader\Autoloader.php(237): CodeIgniter\Autoloader\Autoloader->loadInNamespace('App\\Filters\\AdminFilters')
 4 [internal function]: CodeIgniter\Autoloader\Autoloader->loadClass('App\\Filters\\AdminFilters')
 5 SYSTEMPATH\Filters\Filters.php(166): spl_autoload_call('App\\Filters\\AdminFilters')
 6 SYSTEMPATH\CodeIgniter.php(431): CodeIgniter\Filters\Filters->run('order/index', 'before')
 7 SYSTEMPATH\CodeIgniter.php(340): CodeIgniter\CodeIgniter->handleRequest(null, Object(Config\Cache), false)
 8 FCPATH\index.php(67): CodeIgniter\CodeIgniter->run()
 9 SYSTEMPATH\Commands\Server\rewrite.php(43): require_once('FCPATH\\index.php')
