CRITICAL - 2022-10-08 08:21:44 --> Trying to access array offset on value of type null
in APPPATH\Controllers\Menu.php on line 34.
 1 APPPATH\Controllers\Menu.php(34): CodeIgniter\Debug\Exceptions->errorHandler(8, 'Trying to access array offset on value of type null', 'APPPATH\\Controllers\\Menu.php', 34, [...])
 2 SYSTEMPATH\CodeIgniter.php(907): App\Controllers\Menu->stok('FCPATH\\images', 'Logo.png')
 3 SYSTEMPATH\CodeIgniter.php(457): CodeIgniter\CodeIgniter->runController(Object(App\Controllers\Menu))
 4 SYSTEMPATH\CodeIgniter.php(340): CodeIgniter\CodeIgniter->handleRequest(null, Object(Config\Cache), false)
 5 FCPATH\index.php(67): CodeIgniter\CodeIgniter->run()
CRITICAL - 2022-10-08 08:29:17 --> Trying to access array offset on value of type null
in APPPATH\Controllers\Menu.php on line 34.
 1 APPPATH\Controllers\Menu.php(34): CodeIgniter\Debug\Exceptions->errorHandler(8, 'Trying to access array offset on value of type null', 'APPPATH\\Controllers\\Menu.php', 34, [...])
 2 SYSTEMPATH\CodeIgniter.php(907): App\Controllers\Menu->stok('FCPATH\\images', 'Logo.png')
 3 SYSTEMPATH\CodeIgniter.php(457): CodeIgniter\CodeIgniter->runController(Object(App\Controllers\Menu))
 4 SYSTEMPATH\CodeIgniter.php(340): CodeIgniter\CodeIgniter->handleRequest(null, Object(Config\Cache), false)
 5 FCPATH\index.php(67): CodeIgniter\CodeIgniter->run()
CRITICAL - 2022-10-08 08:29:26 --> Trying to access array offset on value of type null
in APPPATH\Controllers\Menu.php on line 34.
 1 APPPATH\Controllers\Menu.php(34): CodeIgniter\Debug\Exceptions->errorHandler(8, 'Trying to access array offset on value of type null', 'APPPATH\\Controllers\\Menu.php', 34, [...])
 2 SYSTEMPATH\CodeIgniter.php(907): App\Controllers\Menu->stok('FCPATH\\images', 'Logo.png')
 3 SYSTEMPATH\CodeIgniter.php(457): CodeIgniter\CodeIgniter->runController(Object(App\Controllers\Menu))
 4 SYSTEMPATH\CodeIgniter.php(340): CodeIgniter\CodeIgniter->handleRequest(null, Object(Config\Cache), false)
 5 FCPATH\index.php(67): CodeIgniter\CodeIgniter->run()
CRITICAL - 2022-10-08 08:32:45 --> Trying to access array offset on value of type null
in APPPATH\Controllers\Order.php on line 65.
 1 APPPATH\Controllers\Order.php(65): CodeIgniter\Debug\Exceptions->errorHandler(8, 'Trying to access array offset on value of type null', 'APPPATH\\Controllers\\Order.php', 65, [...])
 2 SYSTEMPATH\CodeIgniter.php(907): App\Controllers\Order->delete('FCPATH\\images', 'Logo.png')
 3 SYSTEMPATH\CodeIgniter.php(457): CodeIgniter\CodeIgniter->runController(Object(App\Controllers\Order))
 4 SYSTEMPATH\CodeIgniter.php(340): CodeIgniter\CodeIgniter->handleRequest(null, Object(Config\Cache), false)
 5 FCPATH\index.php(67): CodeIgniter\CodeIgniter->run()
CRITICAL - 2022-10-08 08:35:04 --> Class 'CodeIgniter\Views\Table' not found
in APPPATH\Controllers\Menu.php on line 90.
 1 SYSTEMPATH\CodeIgniter.php(907): App\Controllers\Menu->search()
 2 SYSTEMPATH\CodeIgniter.php(457): CodeIgniter\CodeIgniter->runController(Object(App\Controllers\Menu))
 3 SYSTEMPATH\CodeIgniter.php(340): CodeIgniter\CodeIgniter->handleRequest(null, Object(Config\Cache), false)
 4 FCPATH\index.php(67): CodeIgniter\CodeIgniter->run()
CRITICAL - 2022-10-08 08:35:30 --> Trying to access array offset on value of type null
in APPPATH\Controllers\Order.php on line 65.
 1 APPPATH\Controllers\Order.php(65): CodeIgniter\Debug\Exceptions->errorHandler(8, 'Trying to access array offset on value of type null', 'APPPATH\\Controllers\\Order.php', 65, [...])
 2 SYSTEMPATH\CodeIgniter.php(907): App\Controllers\Order->delete('1')
 3 SYSTEMPATH\CodeIgniter.php(457): CodeIgniter\CodeIgniter->runController(Object(App\Controllers\Order))
 4 SYSTEMPATH\CodeIgniter.php(340): CodeIgniter\CodeIgniter->handleRequest(null, Object(Config\Cache), false)
 5 FCPATH\index.php(67): CodeIgniter\CodeIgniter->run()
CRITICAL - 2022-10-08 10:44:19 --> Class 'CodeIgniter\Database\PostgreSQL\Connection' not found
in SYSTEMPATH\Database\Database.php on line 136.
 1 SYSTEMPATH\Database\Database.php(56): CodeIgniter\Database\Database->initDriver('PostgreSQL', 'CodeIgniter\\Database\\PostgreSQL\\Connection', [...])
 2 SYSTEMPATH\Database\Config.php(78): CodeIgniter\Database\Database->load([...], 'default')
 3 SYSTEMPATH\Model.php(137): CodeIgniter\Database\Config::connect('default')
 4 APPPATH\Controllers\Menu.php(17): CodeIgniter\Model->__construct()
 5 SYSTEMPATH\CodeIgniter.php(902): App\Controllers\Menu->index()
 6 SYSTEMPATH\CodeIgniter.php(457): CodeIgniter\CodeIgniter->runController(Object(App\Controllers\Menu))
 7 SYSTEMPATH\CodeIgniter.php(340): CodeIgniter\CodeIgniter->handleRequest(null, Object(Config\Cache), false)
 8 FCPATH\index.php(67): CodeIgniter\CodeIgniter->run()
 9 SYSTEMPATH\Commands\Server\rewrite.php(46): require_once('FCPATH\\index.php')
CRITICAL - 2022-10-08 10:48:57 --> Class 'CodeIgniter\Database\PostgreSQL\Connection' not found
in SYSTEMPATH\Database\Database.php on line 136.
 1 SYSTEMPATH\Database\Database.php(56): CodeIgniter\Database\Database->initDriver('PostgreSQL', 'CodeIgniter\\Database\\PostgreSQL\\Connection', [...])
 2 SYSTEMPATH\Database\Config.php(78): CodeIgniter\Database\Database->load([...], 'default')
 3 SYSTEMPATH\Model.php(137): CodeIgniter\Database\Config::connect('default')
 4 APPPATH\Controllers\Menu.php(17): CodeIgniter\Model->__construct()
 5 SYSTEMPATH\CodeIgniter.php(902): App\Controllers\Menu->index()
 6 SYSTEMPATH\CodeIgniter.php(457): CodeIgniter\CodeIgniter->runController(Object(App\Controllers\Menu))
 7 SYSTEMPATH\CodeIgniter.php(340): CodeIgniter\CodeIgniter->handleRequest(null, Object(Config\Cache), false)
 8 FCPATH\index.php(67): CodeIgniter\CodeIgniter->run()
 9 SYSTEMPATH\Commands\Server\rewrite.php(46): require_once('FCPATH\\index.php')
CRITICAL - 2022-10-08 10:52:57 --> Class 'CodeIgniter\Database\PostgreSQL\Connection' not found
in SYSTEMPATH\Database\Database.php on line 136.
 1 SYSTEMPATH\Database\Database.php(56): CodeIgniter\Database\Database->initDriver('PostgreSQL', 'CodeIgniter\\Database\\PostgreSQL\\Connection', [...])
 2 SYSTEMPATH\Database\Config.php(78): CodeIgniter\Database\Database->load([...], 'default')
 3 SYSTEMPATH\Model.php(137): CodeIgniter\Database\Config::connect('default')
 4 APPPATH\Controllers\Menu.php(17): CodeIgniter\Model->__construct()
 5 SYSTEMPATH\CodeIgniter.php(902): App\Controllers\Menu->index()
 6 SYSTEMPATH\CodeIgniter.php(457): CodeIgniter\CodeIgniter->runController(Object(App\Controllers\Menu))
 7 SYSTEMPATH\CodeIgniter.php(340): CodeIgniter\CodeIgniter->handleRequest(null, Object(Config\Cache), false)
 8 FCPATH\index.php(67): CodeIgniter\CodeIgniter->run()
 9 SYSTEMPATH\Commands\Server\rewrite.php(46): require_once('FCPATH\\index.php')
ERROR - 2022-10-08 10:58:07 --> ErrorException: pg_query(): Query failed: ERROR:  column &quot;stok&quot; does not exist
LINE 3: ORDER BY &quot;stok&quot; ASC
                 ^
HINT:  Perhaps you meant to reference the column &quot;menus.stock&quot;. in C:\laragon\www\ci-yoga\skripsi-yoga\vendor\codeigniter4\framework\system\Database\Postgre\Connection.php:140
Stack trace:
#0 [internal function]: CodeIgniter\Debug\Exceptions->errorHandler(2, 'pg_query(): Que...', 'C:\\laragon\\www\\...', 140, Array)
#1 C:\laragon\www\ci-yoga\skripsi-yoga\vendor\codeigniter4\framework\system\Database\Postgre\Connection.php(140): pg_query(Resource id #142, 'SELECT *\nFROM "...')
#2 C:\laragon\www\ci-yoga\skripsi-yoga\vendor\codeigniter4\framework\system\Database\BaseConnection.php(693): CodeIgniter\Database\Postgre\Connection->execute('SELECT *\nFROM "...')
#3 C:\laragon\www\ci-yoga\skripsi-yoga\vendor\codeigniter4\framework\system\Database\BaseConnection.php(620): CodeIgniter\Database\BaseConnection->simpleQuery('SELECT *\nFROM "...')
#4 C:\laragon\www\ci-yoga\skripsi-yoga\vendor\codeigniter4\framework\system\Database\BaseBuilder.php(1585): CodeIgniter\Database\BaseConnection->query('SELECT *\nFROM "...', Array, false)
#5 C:\laragon\www\ci-yoga\skripsi-yoga\vendor\codeigniter4\framework\system\Model.php(223): CodeIgniter\Database\BaseBuilder->get()
#6 C:\laragon\www\ci-yoga\skripsi-yoga\vendor\codeigniter4\framework\system\BaseModel.php(584): CodeIgniter\Model->doFindAll(0, 0)
#7 C:\laragon\www\ci-yoga\skripsi-yoga\app\Controllers\Menu.php(63): CodeIgniter\BaseModel->findAll()
#8 C:\laragon\www\ci-yoga\skripsi-yoga\vendor\codeigniter4\framework\system\CodeIgniter.php(902): App\Controllers\Menu->stok()
#9 C:\laragon\www\ci-yoga\skripsi-yoga\vendor\codeigniter4\framework\system\CodeIgniter.php(457): CodeIgniter\CodeIgniter->runController(Object(App\Controllers\Menu))
#10 C:\laragon\www\ci-yoga\skripsi-yoga\vendor\codeigniter4\framework\system\CodeIgniter.php(340): CodeIgniter\CodeIgniter->handleRequest(NULL, Object(Config\Cache), false)
#11 C:\laragon\www\ci-yoga\skripsi-yoga\public\index.php(67): CodeIgniter\CodeIgniter->run()
#12 C:\laragon\www\ci-yoga\skripsi-yoga\vendor\codeigniter4\framework\system\Commands\Server\rewrite.php(46): require_once('C:\\laragon\\www\\...')
#13 {main}
CRITICAL - 2022-10-08 10:58:07 --> pg_query(): Query failed: ERROR:  column &quot;stok&quot; does not exist
LINE 3: ORDER BY &quot;stok&quot; ASC
                 ^
HINT:  Perhaps you meant to reference the column &quot;menus.stock&quot;.
in SYSTEMPATH\Database\Postgre\Connection.php on line 140.
 1 [internal function]: CodeIgniter\Debug\Exceptions->errorHandler(2, 'pg_query(): Query failed: ERROR:  column &quot;stok&quot; does not exist
LINE 3: ORDER BY &quot;stok&quot; ASC
                 ^
HINT:  Perhaps you meant to reference the column &quot;menus.stock&quot;.', 'SYSTEMPATH\\Database\\Postgre\\Connection.php', 140, [...])
 2 SYSTEMPATH\Database\Postgre\Connection.php(140): pg_query(resource (pgsql link), 'SELECT *
FROM "menus"
ORDER BY "stok" ASC')
 3 SYSTEMPATH\Database\BaseConnection.php(693): CodeIgniter\Database\Postgre\Connection->execute('SELECT *
FROM "menus"
ORDER BY "stok" ASC')
 4 SYSTEMPATH\Database\BaseConnection.php(620): CodeIgniter\Database\BaseConnection->simpleQuery('SELECT *
FROM "menus"
ORDER BY "stok" ASC')
 5 SYSTEMPATH\Database\BaseBuilder.php(1585): CodeIgniter\Database\BaseConnection->query('SELECT *
FROM "menus"
ORDER BY "stok" ASC', [], false)
 6 SYSTEMPATH\Model.php(223): CodeIgniter\Database\BaseBuilder->get()
 7 SYSTEMPATH\BaseModel.php(584): CodeIgniter\Model->doFindAll(0, 0)
 8 APPPATH\Controllers\Menu.php(63): CodeIgniter\BaseModel->findAll()
 9 SYSTEMPATH\CodeIgniter.php(902): App\Controllers\Menu->stok()
10 SYSTEMPATH\CodeIgniter.php(457): CodeIgniter\CodeIgniter->runController(Object(App\Controllers\Menu))
11 SYSTEMPATH\CodeIgniter.php(340): CodeIgniter\CodeIgniter->handleRequest(null, Object(Config\Cache), false)
12 FCPATH\index.php(67): CodeIgniter\CodeIgniter->run()
13 SYSTEMPATH\Commands\Server\rewrite.php(46): require_once('FCPATH\\index.php')
CRITICAL - 2022-10-08 11:01:33 --> Undefined index: stok
in APPPATH\Views\menu\stok.php on line 36.
 1 APPPATH\Views\menu\stok.php(36): CodeIgniter\Debug\Exceptions->errorHandler(8, 'Undefined index: stok', 'APPPATH\\Views\\menu\\stok.php', 36, [...])
 2 SYSTEMPATH\View\View.php(213): include('APPPATH\\Views\\menu\\stok.php')
 3 SYSTEMPATH\View\View.php(216): CodeIgniter\View\View->CodeIgniter\View\{closure}()
 4 SYSTEMPATH\Common.php(1142): CodeIgniter\View\View->render('menu/stok', [], true)
 5 APPPATH\Controllers\Menu.php(70): view('menu/stok', [...])
 6 SYSTEMPATH\CodeIgniter.php(902): App\Controllers\Menu->stok()
 7 SYSTEMPATH\CodeIgniter.php(457): CodeIgniter\CodeIgniter->runController(Object(App\Controllers\Menu))
 8 SYSTEMPATH\CodeIgniter.php(340): CodeIgniter\CodeIgniter->handleRequest(null, Object(Config\Cache), false)
 9 FCPATH\index.php(67): CodeIgniter\CodeIgniter->run()
10 SYSTEMPATH\Commands\Server\rewrite.php(46): require_once('FCPATH\\index.php')
CRITICAL - 2022-10-08 11:02:12 --> Undefined index: stok
in APPPATH\Views\menu\stok.php on line 42.
 1 APPPATH\Views\menu\stok.php(42): CodeIgniter\Debug\Exceptions->errorHandler(8, 'Undefined index: stok', 'APPPATH\\Views\\menu\\stok.php', 42, [...])
 2 SYSTEMPATH\View\View.php(213): include('APPPATH\\Views\\menu\\stok.php')
 3 SYSTEMPATH\View\View.php(216): CodeIgniter\View\View->CodeIgniter\View\{closure}()
 4 SYSTEMPATH\Common.php(1142): CodeIgniter\View\View->render('menu/stok', [], true)
 5 APPPATH\Controllers\Menu.php(70): view('menu/stok', [...])
 6 SYSTEMPATH\CodeIgniter.php(902): App\Controllers\Menu->stok()
 7 SYSTEMPATH\CodeIgniter.php(457): CodeIgniter\CodeIgniter->runController(Object(App\Controllers\Menu))
 8 SYSTEMPATH\CodeIgniter.php(340): CodeIgniter\CodeIgniter->handleRequest(null, Object(Config\Cache), false)
 9 FCPATH\index.php(67): CodeIgniter\CodeIgniter->run()
10 SYSTEMPATH\Commands\Server\rewrite.php(46): require_once('FCPATH\\index.php')
CRITICAL - 2022-10-08 11:04:11 --> Undefined variable: menus_update
in APPPATH\Controllers\Menu.php on line 57.
 1 APPPATH\Controllers\Menu.php(57): CodeIgniter\Debug\Exceptions->errorHandler(8, 'Undefined variable: menus_update', 'APPPATH\\Controllers\\Menu.php', 57, [...])
 2 SYSTEMPATH\CodeIgniter.php(902): App\Controllers\Menu->stok('Nasi Ayam Bakar')
 3 SYSTEMPATH\CodeIgniter.php(457): CodeIgniter\CodeIgniter->runController(Object(App\Controllers\Menu))
 4 SYSTEMPATH\CodeIgniter.php(340): CodeIgniter\CodeIgniter->handleRequest(null, Object(Config\Cache), false)
 5 FCPATH\index.php(67): CodeIgniter\CodeIgniter->run()
 6 SYSTEMPATH\Commands\Server\rewrite.php(46): require_once('FCPATH\\index.php')
CRITICAL - 2022-10-08 11:05:55 --> Trying to access array offset on value of type null
in APPPATH\Controllers\Menu.php on line 34.
 1 APPPATH\Controllers\Menu.php(34): CodeIgniter\Debug\Exceptions->errorHandler(8, 'Trying to access array offset on value of type null', 'APPPATH\\Controllers\\Menu.php', 34, [...])
 2 SYSTEMPATH\CodeIgniter.php(902): App\Controllers\Menu->stok('FCPATH\\images', 'Logo.png')
 3 SYSTEMPATH\CodeIgniter.php(457): CodeIgniter\CodeIgniter->runController(Object(App\Controllers\Menu))
 4 SYSTEMPATH\CodeIgniter.php(340): CodeIgniter\CodeIgniter->handleRequest(null, Object(Config\Cache), false)
 5 FCPATH\index.php(67): CodeIgniter\CodeIgniter->run()
 6 SYSTEMPATH\Commands\Server\rewrite.php(46): require_once('FCPATH\\index.php')
CRITICAL - 2022-10-08 11:06:02 --> Trying to access array offset on value of type null
in APPPATH\Controllers\Menu.php on line 34.
 1 APPPATH\Controllers\Menu.php(34): CodeIgniter\Debug\Exceptions->errorHandler(8, 'Trying to access array offset on value of type null', 'APPPATH\\Controllers\\Menu.php', 34, [...])
 2 SYSTEMPATH\CodeIgniter.php(902): App\Controllers\Menu->stok('FCPATH\\images', 'Logo.png')
 3 SYSTEMPATH\CodeIgniter.php(457): CodeIgniter\CodeIgniter->runController(Object(App\Controllers\Menu))
 4 SYSTEMPATH\CodeIgniter.php(340): CodeIgniter\CodeIgniter->handleRequest(null, Object(Config\Cache), false)
 5 FCPATH\index.php(67): CodeIgniter\CodeIgniter->run()
 6 SYSTEMPATH\Commands\Server\rewrite.php(46): require_once('FCPATH\\index.php')
CRITICAL - 2022-10-08 12:16:44 --> Invalid file: layout/style.css
in SYSTEMPATH\Exceptions\FrameworkException.php on line 33.
 1 SYSTEMPATH\View\View.php(201): CodeIgniter\Exceptions\FrameworkException::forInvalidFile('layout/style.css')
 2 SYSTEMPATH\View\View.php(429): CodeIgniter\View\View->render('layout/style.css', null, true)
 3 APPPATH\Views\layout\index-login.php(14): CodeIgniter\View\View->include('layout/style.css')
 4 SYSTEMPATH\View\View.php(213): include('APPPATH\\Views\\layout\\index-login.php')
 5 SYSTEMPATH\View\View.php(216): CodeIgniter\View\View->CodeIgniter\View\{closure}()
 6 SYSTEMPATH\View\View.php(229): CodeIgniter\View\View->render('layout/index-login', [], true)
 7 SYSTEMPATH\Common.php(1142): CodeIgniter\View\View->render('admin/login', [], true)
 8 APPPATH\Controllers\Admin.php(18): view('admin/login', [...])
 9 SYSTEMPATH\CodeIgniter.php(902): App\Controllers\Admin->login()
10 SYSTEMPATH\CodeIgniter.php(457): CodeIgniter\CodeIgniter->runController(Object(App\Controllers\Admin))
11 SYSTEMPATH\CodeIgniter.php(340): CodeIgniter\CodeIgniter->handleRequest(null, Object(Config\Cache), false)
12 FCPATH\index.php(67): CodeIgniter\CodeIgniter->run()
13 SYSTEMPATH\Commands\Server\rewrite.php(46): require_once('FCPATH\\index.php')
